# JRE version: Java(TM) SE Runtime Environment (8.0_361) (build 1.8.0_361-b09)
# Java VM: Java HotSpot(TM) 64-Bit Server VM (25.361-b09 mixed mode windows-amd64 compressed oops)
Heap:
 PSYoungGen      total 356864K, used 154836K [0x000000076bb80000, 0x0000000783c80000, 0x00000007c0000000)
  eden space 322560K, 40% used [0x000000076bb80000,0x0000000773984c38,0x000000077f680000)
  from space 34304K, 75% used [0x0000000781880000,0x00000007831b05e0,0x0000000783a00000)
  to   space 34816K, 0% used [0x000000077f680000,0x000000077f680000,0x0000000781880000)
 ParOldGen       total 209920K, used 49990K [0x00000006c3200000, 0x00000006cff00000, 0x000000076bb80000)
  object space 209920K, 23% used [0x00000006c3200000,0x00000006c62d1a80,0x00000006cff00000)
 Metaspace       used 33216K, capacity 34244K, committed 35416K, reserved 1081344K
  class space    used 3644K, capacity 3934K, committed 4224K, reserved 1048576K
GC Heap History (10 events):
Event: 10.216 GC heap before
{Heap before GC invocations=14 (full 1):
 PSYoungGen      total 275456K, used 255132K [0x000000076bb80000, 0x000000077eb00000, 0x00000007c0000000)
  eden space 243200K, 100% used [0x000000076bb80000,0x000000077a900000,0x000000077a900000)
  from space 32256K, 36% used [0x000000077cb80000,0x000000077d727228,0x000000077eb00000)
  to   space 33792K, 0% used [0x000000077a900000,0x000000077a900000,0x000000077ca00000)
 ParOldGen       total 123392K, used 70942K [0x00000006c3200000, 0x00000006caa80000, 0x000000076bb80000)
  object space 123392K, 57% used [0x00000006c3200000,0x00000006c7747888,0x00000006caa80000)
 Metaspace       used 33154K, capacity 34224K, committed 34432K, reserved 1079296K
  class space    used 3670K, capacity 3968K, committed 3968K, reserved 1048576K
Event: 10.230 GC heap after
Heap after GC invocations=14 (full 1):
 PSYoungGen      total 276992K, used 24376K [0x000000076bb80000, 0x0000000783a00000, 0x00000007c0000000)
  eden space 243200K, 0% used [0x000000076bb80000,0x000000076bb80000,0x000000077a900000)
  from space 33792K, 72% used [0x000000077a900000,0x000000077c0ce208,0x000000077ca00000)
  to   space 34304K, 0% used [0x0000000781880000,0x0000000781880000,0x0000000783a00000)
 ParOldGen       total 123392K, used 73806K [0x00000006c3200000, 0x00000006caa80000, 0x000000076bb80000)
  object space 123392K, 59% used [0x00000006c3200000,0x00000006c7a13898,0x00000006caa80000)
 Metaspace       used 33154K, capacity 34224K, committed 34432K, reserved 1079296K
  class space    used 3670K, capacity 3968K, committed 3968K, reserved 1048576K
}
Event: 10.905 GC heap before
{Heap before GC invocations=15 (full 1):
 PSYoungGen      total 276992K, used 90647K [0x000000076bb80000, 0x0000000783a00000, 0x00000007c0000000)
  eden space 243200K, 27% used [0x000000076bb80000,0x000000076fc37ae0,0x000000077a900000)
  from space 33792K, 72% used [0x000000077a900000,0x000000077c0ce208,0x000000077ca00000)
  to   space 34304K, 0% used [0x0000000781880000,0x0000000781880000,0x0000000783a00000)
 ParOldGen       total 123392K, used 73806K [0x00000006c3200000, 0x00000006caa80000, 0x000000076bb80000)
  object space 123392K, 59% used [0x00000006c3200000,0x00000006c7a13898,0x00000006caa80000)
 Metaspace       used 34155K, capacity 35264K, committed 35416K, reserved 1081344K
  class space    used 3796K, capacity 4146K, committed 4224K, reserved 1048576K
Event: 10.919 GC heap after
Heap after GC invocations=15 (full 1):
 PSYoungGen      total 356864K, used 9506K [0x000000076bb80000, 0x0000000783c80000, 0x00000007c0000000)
  eden space 322560K, 0% used [0x000000076bb80000,0x000000076bb80000,0x000000077f680000)
  from space 34304K, 27% used [0x0000000781880000,0x00000007821c8a48,0x0000000783a00000)
  to   space 34816K, 0% used [0x000000077f680000,0x000000077f680000,0x0000000781880000)
 ParOldGen       total 123392K, used 97718K [0x00000006c3200000, 0x00000006caa80000, 0x000000076bb80000)
  object space 123392K, 79% used [0x00000006c3200000,0x00000006c916daa8,0x00000006caa80000)
 Metaspace       used 34155K, capacity 35264K, committed 35416K, reserved 1081344K
  class space    used 3796K, capacity 4146K, committed 4224K, reserved 1048576K
}
Event: 10.919 GC heap before
{Heap before GC invocations=16 (full 2):
 PSYoungGen      total 356864K, used 9506K [0x000000076bb80000, 0x0000000783c80000, 0x00000007c0000000)
  eden space 322560K, 0% used [0x000000076bb80000,0x000000076bb80000,0x000000077f680000)
  from space 34304K, 27% used [0x0000000781880000,0x00000007821c8a48,0x0000000783a00000)
  to   space 34816K, 0% used [0x000000077f680000,0x000000077f680000,0x0000000781880000)
 ParOldGen       total 123392K, used 97718K [0x00000006c3200000, 0x00000006caa80000, 0x000000076bb80000)
  object space 123392K, 79% used [0x00000006c3200000,0x00000006c916daa8,0x00000006caa80000)
 Metaspace       used 34155K, capacity 35264K, committed 35416K, reserved 1081344K
  class space    used 3796K, capacity 4146K, committed 4224K, reserved 1048576K
Event: 10.980 GC heap after
Heap after GC invocations=16 (full 2):
 PSYoungGen      total 356864K, used 0K [0x000000076bb80000, 0x0000000783c80000, 0x00000007c0000000)
  eden space 322560K, 0% used [0x000000076bb80000,0x000000076bb80000,0x000000077f680000)
  from space 34304K, 0% used [0x0000000781880000,0x0000000781880000,0x0000000783a00000)
  to   space 34816K, 0% used [0x000000077f680000,0x000000077f680000,0x0000000781880000)
 ParOldGen       total 209920K, used 45990K [0x00000006c3200000, 0x00000006cff00000, 0x000000076bb80000)
  object space 209920K, 21% used [0x00000006c3200000,0x00000006c5ee9a70,0x00000006cff00000)
 Metaspace       used 30802K, capacity 31688K, committed 35416K, reserved 1081344K
  class space    used 3410K, capacity 3658K, committed 4224K, reserved 1048576K
}
Event: 11.691 GC heap before
{Heap before GC invocations=17 (full 2):
 PSYoungGen      total 356864K, used 322560K [0x000000076bb80000, 0x0000000783c80000, 0x00000007c0000000)
  eden space 322560K, 100% used [0x000000076bb80000,0x000000077f680000,0x000000077f680000)
  from space 34304K, 0% used [0x0000000781880000,0x0000000781880000,0x0000000783a00000)
  to   space 34816K, 0% used [0x000000077f680000,0x000000077f680000,0x0000000781880000)
 ParOldGen       total 209920K, used 45990K [0x00000006c3200000, 0x00000006cff00000, 0x000000076bb80000)
  object space 209920K, 21% used [0x00000006c3200000,0x00000006c5ee9a70,0x00000006cff00000)
 Metaspace       used 31468K, capacity 32372K, committed 35416K, reserved 1081344K
  class space    used 3461K, capacity 3692K, committed 4224K, reserved 1048576K
Event: 13.007 GC heap after
Heap after GC invocations=17 (full 2):
 PSYoungGen      total 357376K, used 4659K [0x000000076bb80000, 0x0000000783c80000, 0x00000007c0000000)
  eden space 322560K, 0% used [0x000000076bb80000,0x000000076bb80000,0x000000077f680000)
  from space 34816K, 13% used [0x000000077f680000,0x000000077fb0cf98,0x0000000781880000)
  to   space 34304K, 0% used [0x0000000781880000,0x0000000781880000,0x0000000783a00000)
 ParOldGen       total 209920K, used 45998K [0x00000006c3200000, 0x00000006cff00000, 0x000000076bb80000)
  object space 209920K, 21% used [0x00000006c3200000,0x00000006c5eeba70,0x00000006cff00000)
 Metaspace       used 31468K, capacity 32372K, committed 35416K, reserved 1081344K
  class space    used 3461K, capacity 3692K, committed 4224K, reserved 1048576K
}
Event: 14.766 GC heap before
{Heap before GC invocations=18 (full 2):
 PSYoungGen      total 357376K, used 327219K [0x000000076bb80000, 0x0000000783c80000, 0x00000007c0000000)
  eden space 322560K, 100% used [0x000000076bb80000,0x000000077f680000,0x000000077f680000)
  from space 34816K, 13% used [0x000000077f680000,0x000000077fb0cf98,0x0000000781880000)
  to   space 34304K, 0% used [0x0000000781880000,0x0000000781880000,0x0000000783a00000)
 ParOldGen       total 209920K, used 45998K [0x00000006c3200000, 0x00000006cff00000, 0x000000076bb80000)
  object space 209920K, 21% used [0x00000006c3200000,0x00000006c5eeba70,0x00000006cff00000)
 Metaspace       used 31778K, capacity 32724K, committed 35416K, reserved 1081344K
  class space    used 3473K, capacity 3724K, committed 4224K, reserved 1048576K
Event: 16.804 GC heap after
Heap after GC invocations=18 (full 2):
 PSYoungGen      total 356864K, used 25793K [0x000000076bb80000, 0x0000000783c80000, 0x00000007c0000000)
  eden space 322560K, 0% used [0x000000076bb80000,0x000000076bb80000,0x000000077f680000)
  from space 34304K, 75% used [0x0000000781880000,0x00000007831b05e0,0x0000000783a00000)
  to   space 34816K, 0% used [0x000000077f680000,0x000000077f680000,0x0000000781880000)
 ParOldGen       total 209920K, used 49990K [0x00000006c3200000, 0x00000006cff00000, 0x000000076bb80000)
  object space 209920K, 23% used [0x00000006c3200000,0x00000006c62d1a80,0x00000006cff00000)
 Metaspace       used 31778K, capacity 32724K, committed 35416K, reserved 1081344K
  class space    used 3473K, capacity 3724K, committed 4224K, reserved 1048576K
}

