# JRE version: Java(TM) SE Runtime Environment (8.0_361) (build 1.8.0_361-b09)
# Java VM: Java HotSpot(TM) 64-Bit Server VM (25.361-b09 mixed mode windows-amd64 compressed oops)
Heap:
 PSYoungGen      total 140800K, used 42243K [0x000000076bb80000, 0x0000000779d80000, 0x00000007c0000000)
  eden space 130048K, 24% used [0x000000076bb80000,0x000000076da43e90,0x0000000773a80000)
  from space 10752K, 99% used [0x0000000773a80000,0x00000007744fd0f0,0x0000000774500000)
  to   space 22528K, 0% used [0x0000000778780000,0x0000000778780000,0x0000000779d80000)
 ParOldGen       total 119296K, used 28901K [0x00000006c3200000, 0x00000006ca680000, 0x000000076bb80000)
  object space 119296K, 24% used [0x00000006c3200000,0x00000006c4e39790,0x00000006ca680000)
 Metaspace       used 25083K, capacity 25780K, committed 26032K, reserved 1073152K
  class space    used 2896K, capacity 3142K, committed 3248K, reserved 1048576K
GC Heap History (10 events):
Event: 2.362 GC heap before
{Heap before GC invocations=2 (full 0):
 PSYoungGen      total 75776K, used 75749K [0x000000076bb80000, 0x0000000774f80000, 0x00000007c0000000)
  eden space 65024K, 100% used [0x000000076bb80000,0x000000076fb00000,0x000000076fb00000)
  from space 10752K, 99% used [0x000000076fb00000,0x00000007705794b8,0x0000000770580000)
  to   space 10752K, 0% used [0x0000000774500000,0x0000000774500000,0x0000000774f80000)
 ParOldGen       total 173568K, used 355K [0x00000006c3200000, 0x00000006cdb80000, 0x000000076bb80000)
  object space 173568K, 0% used [0x00000006c3200000,0x00000006c3258ea0,0x00000006cdb80000)
 Metaspace       used 15538K, capacity 15814K, committed 16128K, reserved 1062912K
  class space    used 1846K, capacity 1947K, committed 2048K, reserved 1048576K
Event: 2.375 GC heap after
Heap after GC invocations=2 (full 0):
 PSYoungGen      total 75776K, used 10728K [0x000000076bb80000, 0x0000000774f80000, 0x00000007c0000000)
  eden space 65024K, 0% used [0x000000076bb80000,0x000000076bb80000,0x000000076fb00000)
  from space 10752K, 99% used [0x0000000774500000,0x0000000774f7a040,0x0000000774f80000)
  to   space 10752K, 0% used [0x000000076fb00000,0x000000076fb00000,0x0000000770580000)
 ParOldGen       total 173568K, used 1492K [0x00000006c3200000, 0x00000006cdb80000, 0x000000076bb80000)
  object space 173568K, 0% used [0x00000006c3200000,0x00000006c3375308,0x00000006cdb80000)
 Metaspace       used 15538K, capacity 15814K, committed 16128K, reserved 1062912K
  class space    used 1846K, capacity 1947K, committed 2048K, reserved 1048576K
}
Event: 2.995 GC heap before
{Heap before GC invocations=3 (full 0):
 PSYoungGen      total 75776K, used 75752K [0x000000076bb80000, 0x0000000774f80000, 0x00000007c0000000)
  eden space 65024K, 100% used [0x000000076bb80000,0x000000076fb00000,0x000000076fb00000)
  from space 10752K, 99% used [0x0000000774500000,0x0000000774f7a040,0x0000000774f80000)
  to   space 10752K, 0% used [0x000000076fb00000,0x000000076fb00000,0x0000000770580000)
 ParOldGen       total 173568K, used 1492K [0x00000006c3200000, 0x00000006cdb80000, 0x000000076bb80000)
  object space 173568K, 0% used [0x00000006c3200000,0x00000006c3375308,0x00000006cdb80000)
 Metaspace       used 16792K, capacity 17186K, committed 17536K, reserved 1064960K
  class space    used 1947K, capacity 2057K, committed 2176K, reserved 1048576K
Event: 3.010 GC heap after
Heap after GC invocations=3 (full 0):
 PSYoungGen      total 75776K, used 10728K [0x000000076bb80000, 0x0000000774f80000, 0x00000007c0000000)
  eden space 65024K, 0% used [0x000000076bb80000,0x000000076bb80000,0x000000076fb00000)
  from space 10752K, 99% used [0x000000076fb00000,0x000000077057a040,0x0000000770580000)
  to   space 10752K, 0% used [0x0000000774500000,0x0000000774500000,0x0000000774f80000)
 ParOldGen       total 173568K, used 4609K [0x00000006c3200000, 0x00000006cdb80000, 0x000000076bb80000)
  object space 173568K, 2% used [0x00000006c3200000,0x00000006c36806a0,0x00000006cdb80000)
 Metaspace       used 16792K, capacity 17186K, committed 17536K, reserved 1064960K
  class space    used 1947K, capacity 2057K, committed 2176K, reserved 1048576K
}
Event: 3.307 GC heap before
{Heap before GC invocations=4 (full 0):
 PSYoungGen      total 75776K, used 33337K [0x000000076bb80000, 0x0000000774f80000, 0x00000007c0000000)
  eden space 65024K, 34% used [0x000000076bb80000,0x000000076d194520,0x000000076fb00000)
  from space 10752K, 99% used [0x000000076fb00000,0x000000077057a040,0x0000000770580000)
  to   space 10752K, 0% used [0x0000000774500000,0x0000000774500000,0x0000000774f80000)
 ParOldGen       total 173568K, used 4609K [0x00000006c3200000, 0x00000006cdb80000, 0x000000076bb80000)
  object space 173568K, 2% used [0x00000006c3200000,0x00000006c36806a0,0x00000006cdb80000)
 Metaspace       used 20776K, capacity 21190K, committed 21296K, reserved 1069056K
  class space    used 2462K, capacity 2585K, committed 2608K, reserved 1048576K
Event: 3.314 GC heap after
Heap after GC invocations=4 (full 0):
 PSYoungGen      total 140800K, used 10744K [0x000000076bb80000, 0x0000000774f80000, 0x00000007c0000000)
  eden space 130048K, 0% used [0x000000076bb80000,0x000000076bb80000,0x0000000773a80000)
  from space 10752K, 99% used [0x0000000774500000,0x0000000774f7e030,0x0000000774f80000)
  to   space 10752K, 0% used [0x0000000773a80000,0x0000000773a80000,0x0000000774500000)
 ParOldGen       total 173568K, used 6652K [0x00000006c3200000, 0x00000006cdb80000, 0x000000076bb80000)
  object space 173568K, 3% used [0x00000006c3200000,0x00000006c387f258,0x00000006cdb80000)
 Metaspace       used 20776K, capacity 21190K, committed 21296K, reserved 1069056K
  class space    used 2462K, capacity 2585K, committed 2608K, reserved 1048576K
}
Event: 3.314 GC heap before
{Heap before GC invocations=5 (full 1):
 PSYoungGen      total 140800K, used 10744K [0x000000076bb80000, 0x0000000774f80000, 0x00000007c0000000)
  eden space 130048K, 0% used [0x000000076bb80000,0x000000076bb80000,0x0000000773a80000)
  from space 10752K, 99% used [0x0000000774500000,0x0000000774f7e030,0x0000000774f80000)
  to   space 10752K, 0% used [0x0000000773a80000,0x0000000773a80000,0x0000000774500000)
 ParOldGen       total 173568K, used 6652K [0x00000006c3200000, 0x00000006cdb80000, 0x000000076bb80000)
  object space 173568K, 3% used [0x00000006c3200000,0x00000006c387f258,0x00000006cdb80000)
 Metaspace       used 20776K, capacity 21190K, committed 21296K, reserved 1069056K
  class space    used 2462K, capacity 2585K, committed 2608K, reserved 1048576K
Event: 3.376 GC heap after
Heap after GC invocations=5 (full 1):
 PSYoungGen      total 140800K, used 0K [0x000000076bb80000, 0x0000000774f80000, 0x00000007c0000000)
  eden space 130048K, 0% used [0x000000076bb80000,0x000000076bb80000,0x0000000773a80000)
  from space 10752K, 0% used [0x0000000774500000,0x0000000774500000,0x0000000774f80000)
  to   space 10752K, 0% used [0x0000000773a80000,0x0000000773a80000,0x0000000774500000)
 ParOldGen       total 119296K, used 14821K [0x00000006c3200000, 0x00000006ca680000, 0x000000076bb80000)
  object space 119296K, 12% used [0x00000006c3200000,0x00000006c4079710,0x00000006ca680000)
 Metaspace       used 20776K, capacity 21190K, committed 21296K, reserved 1069056K
  class space    used 2462K, capacity 2585K, committed 2608K, reserved 1048576K
}
Event: 5.197 GC heap before
{Heap before GC invocations=6 (full 1):
 PSYoungGen      total 140800K, used 130048K [0x000000076bb80000, 0x0000000774f80000, 0x00000007c0000000)
  eden space 130048K, 100% used [0x000000076bb80000,0x0000000773a80000,0x0000000773a80000)
  from space 10752K, 0% used [0x0000000774500000,0x0000000774500000,0x0000000774f80000)
  to   space 10752K, 0% used [0x0000000773a80000,0x0000000773a80000,0x0000000774500000)
 ParOldGen       total 119296K, used 14821K [0x00000006c3200000, 0x00000006ca680000, 0x000000076bb80000)
  object space 119296K, 12% used [0x00000006c3200000,0x00000006c4079710,0x00000006ca680000)
 Metaspace       used 24868K, capacity 25530K, committed 25648K, reserved 1071104K
  class space    used 2875K, capacity 3095K, committed 3120K, reserved 1048576K
Event: 5.218 GC heap after
Heap after GC invocations=6 (full 1):
 PSYoungGen      total 140800K, used 10740K [0x000000076bb80000, 0x0000000779d80000, 0x00000007c0000000)
  eden space 130048K, 0% used [0x000000076bb80000,0x000000076bb80000,0x0000000773a80000)
  from space 10752K, 99% used [0x0000000773a80000,0x00000007744fd0f0,0x0000000774500000)
  to   space 22528K, 0% used [0x0000000778780000,0x0000000778780000,0x0000000779d80000)
 ParOldGen       total 119296K, used 28901K [0x00000006c3200000, 0x00000006ca680000, 0x000000076bb80000)
  object space 119296K, 24% used [0x00000006c3200000,0x00000006c4e39790,0x00000006ca680000)
 Metaspace       used 24868K, capacity 25530K, committed 25648K, reserved 1071104K
  class space    used 2875K, capacity 3095K, committed 3120K, reserved 1048576K
}

