# JRE version: Java(TM) SE Runtime Environment (8.0_361) (build 1.8.0_361-b09)
# Java VM: Java HotSpot(TM) 64-Bit Server VM (25.361-b09 mixed mode windows-amd64 compressed oops)
Heap:
 PSYoungGen      total 199680K, used 78151K [0x000000076bb80000, 0x000000077d480000, 0x00000007c0000000)
  eden space 160256K, 33% used [0x000000076bb80000,0x000000076f07e2a0,0x0000000775800000)
  from space 39424K, 60% used [0x0000000775800000,0x0000000776f53a78,0x0000000777e80000)
  to   space 38400K, 0% used [0x000000077af00000,0x000000077af00000,0x000000077d480000)
 ParOldGen       total 126464K, used 68785K [0x00000006c3200000, 0x00000006cad80000, 0x000000076bb80000)
  object space 126464K, 54% used [0x00000006c3200000,0x00000006c752c648,0x00000006cad80000)
 Metaspace       used 32923K, capacity 33970K, committed 34304K, reserved 1079296K
  class space    used 3670K, capacity 3969K, committed 4096K, reserved 1048576K
GC Heap History (10 events):
Event: 6.673 GC heap before
{Heap before GC invocations=10 (full 1):
 PSYoungGen      total 148992K, used 148985K [0x000000076bb80000, 0x0000000776e00000, 0x00000007c0000000)
  eden space 126976K, 100% used [0x000000076bb80000,0x0000000773780000,0x0000000773780000)
  from space 22016K, 99% used [0x0000000775100000,0x000000077667e460,0x0000000776680000)
  to   space 26112K, 0% used [0x0000000773780000,0x0000000773780000,0x0000000775100000)
 ParOldGen       total 126464K, used 30708K [0x00000006c3200000, 0x00000006cad80000, 0x000000076bb80000)
  object space 126464K, 24% used [0x00000006c3200000,0x00000006c4ffd148,0x00000006cad80000)
 Metaspace       used 30606K, capacity 31496K, committed 31616K, reserved 1077248K
  class space    used 3455K, capacity 3712K, committed 3712K, reserved 1048576K
Event: 6.697 GC heap after
Heap after GC invocations=10 (full 1):
 PSYoungGen      total 153088K, used 26083K [0x000000076bb80000, 0x000000077a080000, 0x00000007c0000000)
  eden space 126976K, 0% used [0x000000076bb80000,0x000000076bb80000,0x0000000773780000)
  from space 26112K, 99% used [0x0000000773780000,0x00000007750f8fa0,0x0000000775100000)
  to   space 34816K, 0% used [0x0000000777e80000,0x0000000777e80000,0x000000077a080000)
 ParOldGen       total 126464K, used 44062K [0x00000006c3200000, 0x00000006cad80000, 0x000000076bb80000)
  object space 126464K, 34% used [0x00000006c3200000,0x00000006c5d079b0,0x00000006cad80000)
 Metaspace       used 30606K, capacity 31496K, committed 31616K, reserved 1077248K
  class space    used 3455K, capacity 3712K, committed 3712K, reserved 1048576K
}
Event: 7.516 GC heap before
{Heap before GC invocations=11 (full 1):
 PSYoungGen      total 153088K, used 153059K [0x000000076bb80000, 0x000000077a080000, 0x00000007c0000000)
  eden space 126976K, 100% used [0x000000076bb80000,0x0000000773780000,0x0000000773780000)
  from space 26112K, 99% used [0x0000000773780000,0x00000007750f8fa0,0x0000000775100000)
  to   space 34816K, 0% used [0x0000000777e80000,0x0000000777e80000,0x000000077a080000)
 ParOldGen       total 126464K, used 44062K [0x00000006c3200000, 0x00000006cad80000, 0x000000076bb80000)
  object space 126464K, 34% used [0x00000006c3200000,0x00000006c5d079b0,0x00000006cad80000)
 Metaspace       used 31849K, capacity 32926K, committed 33152K, reserved 1079296K
  class space    used 3602K, capacity 3891K, committed 3968K, reserved 1048576K
Event: 7.537 GC heap after
Heap after GC invocations=11 (full 1):
 PSYoungGen      total 196608K, used 32183K [0x000000076bb80000, 0x000000077a800000, 0x00000007c0000000)
  eden space 161792K, 0% used [0x000000076bb80000,0x000000076bb80000,0x0000000775980000)
  from space 34816K, 92% used [0x0000000777e80000,0x0000000779dedc88,0x000000077a080000)
  to   space 37888K, 0% used [0x0000000775980000,0x0000000775980000,0x0000000777e80000)
 ParOldGen       total 126464K, used 44070K [0x00000006c3200000, 0x00000006cad80000, 0x000000076bb80000)
  object space 126464K, 34% used [0x00000006c3200000,0x00000006c5d099b0,0x00000006cad80000)
 Metaspace       used 31849K, capacity 32926K, committed 33152K, reserved 1079296K
  class space    used 3602K, capacity 3891K, committed 3968K, reserved 1048576K
}
Event: 7.977 GC heap before
{Heap before GC invocations=12 (full 1):
 PSYoungGen      total 196608K, used 193975K [0x000000076bb80000, 0x000000077a800000, 0x00000007c0000000)
  eden space 161792K, 100% used [0x000000076bb80000,0x0000000775980000,0x0000000775980000)
  from space 34816K, 92% used [0x0000000777e80000,0x0000000779dedc88,0x000000077a080000)
  to   space 37888K, 0% used [0x0000000775980000,0x0000000775980000,0x0000000777e80000)
 ParOldGen       total 126464K, used 44070K [0x00000006c3200000, 0x00000006cad80000, 0x000000076bb80000)
  object space 126464K, 34% used [0x00000006c3200000,0x00000006c5d099b0,0x00000006cad80000)
 Metaspace       used 32301K, capacity 33452K, committed 33664K, reserved 1079296K
  class space    used 3646K, capacity 3968K, committed 3968K, reserved 1048576K
Event: 9.364 GC heap after
Heap after GC invocations=12 (full 1):
 PSYoungGen      total 199680K, used 27998K [0x000000076bb80000, 0x000000077a800000, 0x00000007c0000000)
  eden space 161792K, 0% used [0x000000076bb80000,0x000000076bb80000,0x0000000775980000)
  from space 37888K, 73% used [0x0000000775980000,0x00000007774d7840,0x0000000777e80000)
  to   space 34816K, 0% used [0x0000000777e80000,0x0000000777e80000,0x000000077a080000)
 ParOldGen       total 126464K, used 54190K [0x00000006c3200000, 0x00000006cad80000, 0x000000076bb80000)
  object space 126464K, 42% used [0x00000006c3200000,0x00000006c66ebb20,0x00000006cad80000)
 Metaspace       used 32301K, capacity 33452K, committed 33664K, reserved 1079296K
  class space    used 3646K, capacity 3968K, committed 3968K, reserved 1048576K
}
Event: 9.921 GC heap before
{Heap before GC invocations=13 (full 1):
 PSYoungGen      total 199680K, used 189790K [0x000000076bb80000, 0x000000077a800000, 0x00000007c0000000)
  eden space 161792K, 100% used [0x000000076bb80000,0x0000000775980000,0x0000000775980000)
  from space 37888K, 73% used [0x0000000775980000,0x00000007774d7840,0x0000000777e80000)
  to   space 34816K, 0% used [0x0000000777e80000,0x0000000777e80000,0x000000077a080000)
 ParOldGen       total 126464K, used 54190K [0x00000006c3200000, 0x00000006cad80000, 0x000000076bb80000)
  object space 126464K, 42% used [0x00000006c3200000,0x00000006c66ebb20,0x00000006cad80000)
 Metaspace       used 32339K, capacity 33458K, committed 33792K, reserved 1079296K
  class space    used 3650K, capacity 3969K, committed 4096K, reserved 1048576K
Event: 10.941 GC heap after
Heap after GC invocations=13 (full 1):
 PSYoungGen      total 195072K, used 26201K [0x000000076bb80000, 0x000000077db00000, 0x00000007c0000000)
  eden space 160256K, 0% used [0x000000076bb80000,0x000000076bb80000,0x0000000775800000)
  from space 34816K, 75% used [0x0000000777e80000,0x00000007798164d0,0x000000077a080000)
  to   space 39424K, 0% used [0x0000000775800000,0x0000000775800000,0x0000000777e80000)
 ParOldGen       total 126464K, used 58392K [0x00000006c3200000, 0x00000006cad80000, 0x000000076bb80000)
  object space 126464K, 46% used [0x00000006c3200000,0x00000006c6b06338,0x00000006cad80000)
 Metaspace       used 32339K, capacity 33458K, committed 33792K, reserved 1079296K
  class space    used 3650K, capacity 3969K, committed 4096K, reserved 1048576K
}
Event: 11.825 GC heap before
{Heap before GC invocations=14 (full 1):
 PSYoungGen      total 195072K, used 186457K [0x000000076bb80000, 0x000000077db00000, 0x00000007c0000000)
  eden space 160256K, 100% used [0x000000076bb80000,0x0000000775800000,0x0000000775800000)
  from space 34816K, 75% used [0x0000000777e80000,0x00000007798164d0,0x000000077a080000)
  to   space 39424K, 0% used [0x0000000775800000,0x0000000775800000,0x0000000777e80000)
 ParOldGen       total 126464K, used 58392K [0x00000006c3200000, 0x00000006cad80000, 0x000000076bb80000)
  object space 126464K, 46% used [0x00000006c3200000,0x00000006c6b06338,0x00000006cad80000)
 Metaspace       used 32810K, capacity 33906K, committed 34304K, reserved 1079296K
  class space    used 3669K, capacity 3969K, committed 4096K, reserved 1048576K
Event: 11.849 GC heap after
Heap after GC invocations=14 (full 1):
 PSYoungGen      total 199680K, used 23886K [0x000000076bb80000, 0x000000077d480000, 0x00000007c0000000)
  eden space 160256K, 0% used [0x000000076bb80000,0x000000076bb80000,0x0000000775800000)
  from space 39424K, 60% used [0x0000000775800000,0x0000000776f53a78,0x0000000777e80000)
  to   space 38400K, 0% used [0x000000077af00000,0x000000077af00000,0x000000077d480000)
 ParOldGen       total 126464K, used 68785K [0x00000006c3200000, 0x00000006cad80000, 0x000000076bb80000)
  object space 126464K, 54% used [0x00000006c3200000,0x00000006c752c648,0x00000006cad80000)
 Metaspace       used 32810K, capacity 33906K, committed 34304K, reserved 1079296K
  class space    used 3669K, capacity 3969K, committed 4096K, reserved 1048576K
}

