# JRE version: Java(TM) SE Runtime Environment (8.0_361) (build 1.8.0_361-b09)
# Java VM: Java HotSpot(TM) 64-Bit Server VM (25.361-b09 mixed mode windows-amd64 compressed oops)
Heap:
 PSYoungGen      total 501248K, used 52884K [0x000000076bb80000, 0x0000000797700000, 0x00000007c0000000)
  eden space 439296K, 4% used [0x000000076bb80000,0x000000076ccee280,0x0000000786880000)
  from space 61952K, 56% used [0x0000000786880000,0x0000000788ab6f50,0x000000078a500000)
  to   space 61440K, 0% used [0x0000000793b00000,0x0000000793b00000,0x0000000797700000)
 ParOldGen       total 203776K, used 46432K [0x00000006c3200000, 0x00000006cf900000, 0x000000076bb80000)
  object space 203776K, 22% used [0x00000006c3200000,0x00000006c5f58048,0x00000006cf900000)
 Metaspace       used 33328K, capacity 34346K, committed 35416K, reserved 1081344K
  class space    used 3662K, capacity 3967K, committed 4224K, reserved 1048576K
GC Heap History (10 events):
Event: 12.180 GC heap before
{Heap before GC invocations=11 (full 1):
 PSYoungGen      total 301568K, used 299952K [0x000000076bb80000, 0x0000000786400000, 0x00000007c0000000)
  eden space 259072K, 100% used [0x000000076bb80000,0x000000077b880000,0x000000077b880000)
  from space 42496K, 96% used [0x000000077b880000,0x000000077e06c348,0x000000077e200000)
  to   space 48128K, 0% used [0x0000000783500000,0x0000000783500000,0x0000000786400000)
 ParOldGen       total 122880K, used 44880K [0x00000006c3200000, 0x00000006caa00000, 0x000000076bb80000)
  object space 122880K, 36% used [0x00000006c3200000,0x00000006c5dd4310,0x00000006caa00000)
 Metaspace       used 33029K, capacity 34160K, committed 34176K, reserved 1079296K
  class space    used 3671K, capacity 3968K, committed 3968K, reserved 1048576K
Event: 12.230 GC heap after
Heap after GC invocations=11 (full 1):
 PSYoungGen      total 379392K, used 48116K [0x000000076bb80000, 0x0000000787680000, 0x00000007c0000000)
  eden space 331264K, 0% used [0x000000076bb80000,0x000000076bb80000,0x000000077ff00000)
  from space 48128K, 99% used [0x0000000783500000,0x00000007863fd130,0x0000000786400000)
  to   space 55296K, 0% used [0x000000077ff00000,0x000000077ff00000,0x0000000783500000)
 ParOldGen       total 122880K, used 46374K [0x00000006c3200000, 0x00000006caa00000, 0x000000076bb80000)
  object space 122880K, 37% used [0x00000006c3200000,0x00000006c5f499f8,0x00000006caa00000)
 Metaspace       used 33029K, capacity 34160K, committed 34176K, reserved 1079296K
  class space    used 3671K, capacity 3968K, committed 3968K, reserved 1048576K
}
Event: 13.590 GC heap before
{Heap before GC invocations=12 (full 1):
 PSYoungGen      total 379392K, used 173242K [0x000000076bb80000, 0x0000000787680000, 0x00000007c0000000)
  eden space 331264K, 37% used [0x000000076bb80000,0x00000007735b1888,0x000000077ff00000)
  from space 48128K, 99% used [0x0000000783500000,0x00000007863fd130,0x0000000786400000)
  to   space 55296K, 0% used [0x000000077ff00000,0x000000077ff00000,0x0000000783500000)
 ParOldGen       total 122880K, used 46374K [0x00000006c3200000, 0x00000006caa00000, 0x000000076bb80000)
  object space 122880K, 37% used [0x00000006c3200000,0x00000006c5f499f8,0x00000006caa00000)
 Metaspace       used 34186K, capacity 35264K, committed 35416K, reserved 1081344K
  class space    used 3797K, capacity 4146K, committed 4224K, reserved 1048576K
Event: 13.620 GC heap after
Heap after GC invocations=12 (full 1):
 PSYoungGen      total 386560K, used 50835K [0x000000076bb80000, 0x000000078e100000, 0x00000007c0000000)
  eden space 331264K, 0% used [0x000000076bb80000,0x000000076bb80000,0x000000077ff00000)
  from space 55296K, 91% used [0x000000077ff00000,0x00000007830a4c20,0x0000000783500000)
  to   space 61440K, 0% used [0x000000078a500000,0x000000078a500000,0x000000078e100000)
 ParOldGen       total 122880K, used 56366K [0x00000006c3200000, 0x00000006caa00000, 0x000000076bb80000)
  object space 122880K, 45% used [0x00000006c3200000,0x00000006c690ba48,0x00000006caa00000)
 Metaspace       used 34186K, capacity 35264K, committed 35416K, reserved 1081344K
  class space    used 3797K, capacity 4146K, committed 4224K, reserved 1048576K
}
Event: 13.620 GC heap before
{Heap before GC invocations=13 (full 2):
 PSYoungGen      total 386560K, used 50835K [0x000000076bb80000, 0x000000078e100000, 0x00000007c0000000)
  eden space 331264K, 0% used [0x000000076bb80000,0x000000076bb80000,0x000000077ff00000)
  from space 55296K, 91% used [0x000000077ff00000,0x00000007830a4c20,0x0000000783500000)
  to   space 61440K, 0% used [0x000000078a500000,0x000000078a500000,0x000000078e100000)
 ParOldGen       total 122880K, used 56366K [0x00000006c3200000, 0x00000006caa00000, 0x000000076bb80000)
  object space 122880K, 45% used [0x00000006c3200000,0x00000006c690ba48,0x00000006caa00000)
 Metaspace       used 34186K, capacity 35264K, committed 35416K, reserved 1081344K
  class space    used 3797K, capacity 4146K, committed 4224K, reserved 1048576K
Event: 13.688 GC heap after
Heap after GC invocations=13 (full 2):
 PSYoungGen      total 386560K, used 0K [0x000000076bb80000, 0x000000078e100000, 0x00000007c0000000)
  eden space 331264K, 0% used [0x000000076bb80000,0x000000076bb80000,0x000000077ff00000)
  from space 55296K, 0% used [0x000000077ff00000,0x000000077ff00000,0x0000000783500000)
  to   space 61440K, 0% used [0x000000078a500000,0x000000078a500000,0x000000078e100000)
 ParOldGen       total 203776K, used 46416K [0x00000006c3200000, 0x00000006cf900000, 0x000000076bb80000)
  object space 203776K, 22% used [0x00000006c3200000,0x00000006c5f54048,0x00000006cf900000)
 Metaspace       used 30831K, capacity 31688K, committed 35416K, reserved 1081344K
  class space    used 3411K, capacity 3658K, committed 4224K, reserved 1048576K
}
Event: 14.707 GC heap before
{Heap before GC invocations=14 (full 2):
 PSYoungGen      total 386560K, used 331264K [0x000000076bb80000, 0x000000078e100000, 0x00000007c0000000)
  eden space 331264K, 100% used [0x000000076bb80000,0x000000077ff00000,0x000000077ff00000)
  from space 55296K, 0% used [0x000000077ff00000,0x000000077ff00000,0x0000000783500000)
  to   space 61440K, 0% used [0x000000078a500000,0x000000078a500000,0x000000078e100000)
 ParOldGen       total 203776K, used 46416K [0x00000006c3200000, 0x00000006cf900000, 0x000000076bb80000)
  object space 203776K, 22% used [0x00000006c3200000,0x00000006c5f54048,0x00000006cf900000)
 Metaspace       used 31494K, capacity 32372K, committed 35416K, reserved 1081344K
  class space    used 3462K, capacity 3692K, committed 4224K, reserved 1048576K
Event: 14.717 GC heap after
Heap after GC invocations=14 (full 2):
 PSYoungGen      total 500736K, used 7775K [0x000000076bb80000, 0x000000078ec80000, 0x00000007c0000000)
  eden space 439296K, 0% used [0x000000076bb80000,0x000000076bb80000,0x0000000786880000)
  from space 61440K, 12% used [0x000000078a500000,0x000000078ac97d40,0x000000078e100000)
  to   space 61952K, 0% used [0x0000000786880000,0x0000000786880000,0x000000078a500000)
 ParOldGen       total 203776K, used 46424K [0x00000006c3200000, 0x00000006cf900000, 0x000000076bb80000)
  object space 203776K, 22% used [0x00000006c3200000,0x00000006c5f56048,0x00000006cf900000)
 Metaspace       used 31494K, capacity 32372K, committed 35416K, reserved 1081344K
  class space    used 3462K, capacity 3692K, committed 4224K, reserved 1048576K
}
Event: 17.534 GC heap before
{Heap before GC invocations=15 (full 2):
 PSYoungGen      total 500736K, used 447071K [0x000000076bb80000, 0x000000078ec80000, 0x00000007c0000000)
  eden space 439296K, 100% used [0x000000076bb80000,0x0000000786880000,0x0000000786880000)
  from space 61440K, 12% used [0x000000078a500000,0x000000078ac97d40,0x000000078e100000)
  to   space 61952K, 0% used [0x0000000786880000,0x0000000786880000,0x000000078a500000)
 ParOldGen       total 203776K, used 46424K [0x00000006c3200000, 0x00000006cf900000, 0x000000076bb80000)
  object space 203776K, 22% used [0x00000006c3200000,0x00000006c5f56048,0x00000006cf900000)
 Metaspace       used 33273K, capacity 34340K, committed 35416K, reserved 1081344K
  class space    used 3656K, capacity 3966K, committed 4224K, reserved 1048576K
Event: 17.572 GC heap after
Heap after GC invocations=15 (full 2):
 PSYoungGen      total 501248K, used 35035K [0x000000076bb80000, 0x0000000797700000, 0x00000007c0000000)
  eden space 439296K, 0% used [0x000000076bb80000,0x000000076bb80000,0x0000000786880000)
  from space 61952K, 56% used [0x0000000786880000,0x0000000788ab6f50,0x000000078a500000)
  to   space 61440K, 0% used [0x0000000793b00000,0x0000000793b00000,0x0000000797700000)
 ParOldGen       total 203776K, used 46432K [0x00000006c3200000, 0x00000006cf900000, 0x000000076bb80000)
  object space 203776K, 22% used [0x00000006c3200000,0x00000006c5f58048,0x00000006cf900000)
 Metaspace       used 33273K, capacity 34340K, committed 35416K, reserved 1081344K
  class space    used 3656K, capacity 3966K, committed 4224K, reserved 1048576K
}

