# JRE version: Java(TM) SE Runtime Environment (8.0_361) (build 1.8.0_361-b09)
# Java VM: Java HotSpot(TM) 64-Bit Server VM (25.361-b09 mixed mode windows-amd64 compressed oops)
Heap:
 PSYoungGen      total 338944K, used 104855K [0x000000076bb80000, 0x0000000786200000, 0x00000007c0000000)
  eden space 286208K, 26% used [0x000000076bb80000,0x000000077052c9f8,0x000000077d300000)
  from space 52736K, 55% used [0x000000077d300000,0x000000077efb9578,0x0000000780680000)
  to   space 51712K, 0% used [0x0000000782f80000,0x0000000782f80000,0x0000000786200000)
 ParOldGen       total 226304K, used 47387K [0x00000006c3200000, 0x00000006d0f00000, 0x000000076bb80000)
  object space 226304K, 20% used [0x00000006c3200000,0x00000006c6046ec0,0x00000006d0f00000)
 Metaspace       used 35229K, capacity 36334K, committed 36568K, reserved 1081344K
  class space    used 3872K, capacity 4245K, committed 4352K, reserved 1048576K
GC Heap History (10 events):
Event: 17.197 GC heap before
{Heap before GC invocations=19 (full 2):
 PSYoungGen      total 248832K, used 205312K [0x000000076bb80000, 0x000000077ed80000, 0x00000007c0000000)
  eden space 205312K, 100% used [0x000000076bb80000,0x0000000778400000,0x0000000778400000)
  from space 43520K, 0% used [0x000000077b680000,0x000000077b680000,0x000000077e100000)
  to   space 51712K, 0% used [0x0000000778400000,0x0000000778400000,0x000000077b680000)
 ParOldGen       total 226304K, used 47347K [0x00000006c3200000, 0x00000006d0f00000, 0x000000076bb80000)
  object space 226304K, 20% used [0x00000006c3200000,0x00000006c603cec0,0x00000006d0f00000)
 Metaspace       used 31489K, capacity 32368K, committed 35416K, reserved 1081344K
  class space    used 3462K, capacity 3692K, committed 4224K, reserved 1048576K
Event: 17.204 GC heap after
Heap after GC invocations=19 (full 2):
 PSYoungGen      total 257024K, used 7028K [0x000000076bb80000, 0x0000000781180000, 0x00000007c0000000)
  eden space 205312K, 0% used [0x000000076bb80000,0x000000076bb80000,0x0000000778400000)
  from space 51712K, 13% used [0x0000000778400000,0x0000000778add1b8,0x000000077b680000)
  to   space 52224K, 0% used [0x000000077de80000,0x000000077de80000,0x0000000781180000)
 ParOldGen       total 226304K, used 47355K [0x00000006c3200000, 0x00000006d0f00000, 0x000000076bb80000)
  object space 226304K, 20% used [0x00000006c3200000,0x00000006c603eec0,0x00000006d0f00000)
 Metaspace       used 31489K, capacity 32368K, committed 35416K, reserved 1081344K
  class space    used 3462K, capacity 3692K, committed 4224K, reserved 1048576K
}
Event: 18.054 GC heap before
{Heap before GC invocations=20 (full 2):
 PSYoungGen      total 257024K, used 212340K [0x000000076bb80000, 0x0000000781180000, 0x00000007c0000000)
  eden space 205312K, 100% used [0x000000076bb80000,0x0000000778400000,0x0000000778400000)
  from space 51712K, 13% used [0x0000000778400000,0x0000000778add1b8,0x000000077b680000)
  to   space 52224K, 0% used [0x000000077de80000,0x000000077de80000,0x0000000781180000)
 ParOldGen       total 226304K, used 47355K [0x00000006c3200000, 0x00000006d0f00000, 0x000000076bb80000)
  object space 226304K, 20% used [0x00000006c3200000,0x00000006c603eec0,0x00000006d0f00000)
 Metaspace       used 31541K, capacity 32432K, committed 35416K, reserved 1081344K
  class space    used 3462K, capacity 3692K, committed 4224K, reserved 1048576K
Event: 18.067 GC heap after
Heap after GC invocations=20 (full 2):
 PSYoungGen      total 293888K, used 14879K [0x000000076bb80000, 0x0000000780e80000, 0x00000007c0000000)
  eden space 244736K, 0% used [0x000000076bb80000,0x000000076bb80000,0x000000077aa80000)
  from space 49152K, 30% used [0x000000077de80000,0x000000077ed07eb0,0x0000000780e80000)
  to   space 51200K, 0% used [0x000000077aa80000,0x000000077aa80000,0x000000077dc80000)
 ParOldGen       total 226304K, used 47363K [0x00000006c3200000, 0x00000006d0f00000, 0x000000076bb80000)
  object space 226304K, 20% used [0x00000006c3200000,0x00000006c6040ec0,0x00000006d0f00000)
 Metaspace       used 31541K, capacity 32432K, committed 35416K, reserved 1081344K
  class space    used 3462K, capacity 3692K, committed 4224K, reserved 1048576K
}
Event: 20.099 GC heap before
{Heap before GC invocations=21 (full 2):
 PSYoungGen      total 293888K, used 259615K [0x000000076bb80000, 0x0000000780e80000, 0x00000007c0000000)
  eden space 244736K, 100% used [0x000000076bb80000,0x000000077aa80000,0x000000077aa80000)
  from space 49152K, 30% used [0x000000077de80000,0x000000077ed07eb0,0x0000000780e80000)
  to   space 51200K, 0% used [0x000000077aa80000,0x000000077aa80000,0x000000077dc80000)
 ParOldGen       total 226304K, used 47363K [0x00000006c3200000, 0x00000006d0f00000, 0x000000076bb80000)
  object space 226304K, 20% used [0x00000006c3200000,0x00000006c6040ec0,0x00000006d0f00000)
 Metaspace       used 31912K, capacity 32914K, committed 35416K, reserved 1081344K
  class space    used 3487K, capacity 3768K, committed 4224K, reserved 1048576K
Event: 20.119 GC heap after
Heap after GC invocations=21 (full 2):
 PSYoungGen      total 295936K, used 31796K [0x000000076bb80000, 0x0000000783a00000, 0x00000007c0000000)
  eden space 244736K, 0% used [0x000000076bb80000,0x000000076bb80000,0x000000077aa80000)
  from space 51200K, 62% used [0x000000077aa80000,0x000000077c98d308,0x000000077dc80000)
  to   space 51712K, 0% used [0x0000000780780000,0x0000000780780000,0x0000000783a00000)
 ParOldGen       total 226304K, used 47371K [0x00000006c3200000, 0x00000006d0f00000, 0x000000076bb80000)
  object space 226304K, 20% used [0x00000006c3200000,0x00000006c6042ec0,0x00000006d0f00000)
 Metaspace       used 31912K, capacity 32914K, committed 35416K, reserved 1081344K
  class space    used 3487K, capacity 3768K, committed 4224K, reserved 1048576K
}
Event: 21.950 GC heap before
{Heap before GC invocations=22 (full 2):
 PSYoungGen      total 295936K, used 276532K [0x000000076bb80000, 0x0000000783a00000, 0x00000007c0000000)
  eden space 244736K, 100% used [0x000000076bb80000,0x000000077aa80000,0x000000077aa80000)
  from space 51200K, 62% used [0x000000077aa80000,0x000000077c98d308,0x000000077dc80000)
  to   space 51712K, 0% used [0x0000000780780000,0x0000000780780000,0x0000000783a00000)
 ParOldGen       total 226304K, used 47371K [0x00000006c3200000, 0x00000006d0f00000, 0x000000076bb80000)
  object space 226304K, 20% used [0x00000006c3200000,0x00000006c6042ec0,0x00000006d0f00000)
 Metaspace       used 33443K, capacity 34494K, committed 35416K, reserved 1081344K
  class space    used 3666K, capacity 3971K, committed 4224K, reserved 1048576K
Event: 21.972 GC heap after
Heap after GC invocations=22 (full 2):
 PSYoungGen      total 337920K, used 35205K [0x000000076bb80000, 0x0000000783a00000, 0x00000007c0000000)
  eden space 286208K, 0% used [0x000000076bb80000,0x000000076bb80000,0x000000077d300000)
  from space 51712K, 68% used [0x0000000780780000,0x00000007829e1728,0x0000000783a00000)
  to   space 52736K, 0% used [0x000000077d300000,0x000000077d300000,0x0000000780680000)
 ParOldGen       total 226304K, used 47379K [0x00000006c3200000, 0x00000006d0f00000, 0x000000076bb80000)
  object space 226304K, 20% used [0x00000006c3200000,0x00000006c6044ec0,0x00000006d0f00000)
 Metaspace       used 33443K, capacity 34494K, committed 35416K, reserved 1081344K
  class space    used 3666K, capacity 3971K, committed 4224K, reserved 1048576K
}
Event: 24.689 GC heap before
{Heap before GC invocations=23 (full 2):
 PSYoungGen      total 337920K, used 321413K [0x000000076bb80000, 0x0000000783a00000, 0x00000007c0000000)
  eden space 286208K, 100% used [0x000000076bb80000,0x000000077d300000,0x000000077d300000)
  from space 51712K, 68% used [0x0000000780780000,0x00000007829e1728,0x0000000783a00000)
  to   space 52736K, 0% used [0x000000077d300000,0x000000077d300000,0x0000000780680000)
 ParOldGen       total 226304K, used 47379K [0x00000006c3200000, 0x00000006d0f00000, 0x000000076bb80000)
  object space 226304K, 20% used [0x00000006c3200000,0x00000006c6044ec0,0x00000006d0f00000)
 Metaspace       used 34002K, capacity 35118K, committed 35416K, reserved 1081344K
  class space    used 3721K, capacity 4117K, committed 4224K, reserved 1048576K
Event: 24.702 GC heap after
Heap after GC invocations=23 (full 2):
 PSYoungGen      total 338944K, used 29413K [0x000000076bb80000, 0x0000000786200000, 0x00000007c0000000)
  eden space 286208K, 0% used [0x000000076bb80000,0x000000076bb80000,0x000000077d300000)
  from space 52736K, 55% used [0x000000077d300000,0x000000077efb9578,0x0000000780680000)
  to   space 51712K, 0% used [0x0000000782f80000,0x0000000782f80000,0x0000000786200000)
 ParOldGen       total 226304K, used 47387K [0x00000006c3200000, 0x00000006d0f00000, 0x000000076bb80000)
  object space 226304K, 20% used [0x00000006c3200000,0x00000006c6046ec0,0x00000006d0f00000)
 Metaspace       used 34002K, capacity 35118K, committed 35416K, reserved 1081344K
  class space    used 3721K, capacity 4117K, committed 4224K, reserved 1048576K
}

