# JRE version: Java(TM) SE Runtime Environment (8.0_361) (build 1.8.0_361-b09)
# Java VM: Java HotSpot(TM) 64-Bit Server VM (25.361-b09 mixed mode windows-amd64 compressed oops)
Heap:
 PSYoungGen      total 140800K, used 64978K [0x000000076bb80000, 0x000000077a200000, 0x00000007c0000000)
  eden space 130048K, 41% used [0x000000076bb80000,0x000000076f0764e0,0x0000000773a80000)
  from space 10752K, 99% used [0x0000000773a80000,0x00000007744fe6c0,0x0000000774500000)
  to   space 23040K, 0% used [0x0000000778b80000,0x0000000778b80000,0x000000077a200000)
 ParOldGen       total 120320K, used 29140K [0x00000006c3200000, 0x00000006ca780000, 0x000000076bb80000)
  object space 120320K, 24% used [0x00000006c3200000,0x00000006c4e75160,0x00000006ca780000)
 Metaspace       used 25798K, capacity 26566K, committed 26880K, reserved 1073152K
  class space    used 2971K, capacity 3208K, committed 3328K, reserved 1048576K
GC Heap History (10 events):
Event: 1.660 GC heap before
{Heap before GC invocations=2 (full 0):
 PSYoungGen      total 75776K, used 75031K [0x000000076bb80000, 0x0000000771000000, 0x00000007c0000000)
  eden space 65024K, 100% used [0x000000076bb80000,0x000000076fb00000,0x000000076fb00000)
  from space 10752K, 93% used [0x000000076fb00000,0x00000007704c5d70,0x0000000770580000)
  to   space 10752K, 0% used [0x0000000770580000,0x0000000770580000,0x0000000771000000)
 ParOldGen       total 173568K, used 16K [0x00000006c3200000, 0x00000006cdb80000, 0x000000076bb80000)
  object space 173568K, 0% used [0x00000006c3200000,0x00000006c3204000,0x00000006cdb80000)
 Metaspace       used 16175K, capacity 16546K, committed 16640K, reserved 1064960K
  class space    used 1924K, capacity 2042K, committed 2048K, reserved 1048576K
Event: 1.674 GC heap after
Heap after GC invocations=2 (full 0):
 PSYoungGen      total 75776K, used 10741K [0x000000076bb80000, 0x0000000774f80000, 0x00000007c0000000)
  eden space 65024K, 0% used [0x000000076bb80000,0x000000076bb80000,0x000000076fb00000)
  from space 10752K, 99% used [0x0000000770580000,0x0000000770ffd6f8,0x0000000771000000)
  to   space 10752K, 0% used [0x000000076fb00000,0x000000076fb00000,0x0000000770580000)
 ParOldGen       total 173568K, used 1585K [0x00000006c3200000, 0x00000006cdb80000, 0x000000076bb80000)
  object space 173568K, 0% used [0x00000006c3200000,0x00000006c338c5f8,0x00000006cdb80000)
 Metaspace       used 16175K, capacity 16546K, committed 16640K, reserved 1064960K
  class space    used 1924K, capacity 2042K, committed 2048K, reserved 1048576K
}
Event: 2.296 GC heap before
{Heap before GC invocations=3 (full 0):
 PSYoungGen      total 75776K, used 75765K [0x000000076bb80000, 0x0000000774f80000, 0x00000007c0000000)
  eden space 65024K, 100% used [0x000000076bb80000,0x000000076fb00000,0x000000076fb00000)
  from space 10752K, 99% used [0x0000000770580000,0x0000000770ffd6f8,0x0000000771000000)
  to   space 10752K, 0% used [0x000000076fb00000,0x000000076fb00000,0x0000000770580000)
 ParOldGen       total 173568K, used 1585K [0x00000006c3200000, 0x00000006cdb80000, 0x000000076bb80000)
  object space 173568K, 0% used [0x00000006c3200000,0x00000006c338c5f8,0x00000006cdb80000)
 Metaspace       used 16851K, capacity 17244K, committed 17536K, reserved 1064960K
  class space    used 1946K, capacity 2051K, committed 2176K, reserved 1048576K
Event: 2.302 GC heap after
Heap after GC invocations=3 (full 0):
 PSYoungGen      total 75776K, used 10728K [0x000000076bb80000, 0x0000000774f80000, 0x00000007c0000000)
  eden space 65024K, 0% used [0x000000076bb80000,0x000000076bb80000,0x000000076fb00000)
  from space 10752K, 99% used [0x000000076fb00000,0x000000077057a060,0x0000000770580000)
  to   space 10752K, 0% used [0x0000000774500000,0x0000000774500000,0x0000000774f80000)
 ParOldGen       total 173568K, used 3177K [0x00000006c3200000, 0x00000006cdb80000, 0x000000076bb80000)
  object space 173568K, 1% used [0x00000006c3200000,0x00000006c351a798,0x00000006cdb80000)
 Metaspace       used 16851K, capacity 17244K, committed 17536K, reserved 1064960K
  class space    used 1946K, capacity 2051K, committed 2176K, reserved 1048576K
}
Event: 2.807 GC heap before
{Heap before GC invocations=4 (full 0):
 PSYoungGen      total 75776K, used 66766K [0x000000076bb80000, 0x0000000774f80000, 0x00000007c0000000)
  eden space 65024K, 86% used [0x000000076bb80000,0x000000076f239ab8,0x000000076fb00000)
  from space 10752K, 99% used [0x000000076fb00000,0x000000077057a060,0x0000000770580000)
  to   space 10752K, 0% used [0x0000000774500000,0x0000000774500000,0x0000000774f80000)
 ParOldGen       total 173568K, used 3177K [0x00000006c3200000, 0x00000006cdb80000, 0x000000076bb80000)
  object space 173568K, 1% used [0x00000006c3200000,0x00000006c351a798,0x00000006cdb80000)
 Metaspace       used 20708K, capacity 21176K, committed 21248K, reserved 1069056K
  class space    used 2441K, capacity 2555K, committed 2560K, reserved 1048576K
Event: 2.815 GC heap after
Heap after GC invocations=4 (full 0):
 PSYoungGen      total 140800K, used 10744K [0x000000076bb80000, 0x0000000774f80000, 0x00000007c0000000)
  eden space 130048K, 0% used [0x000000076bb80000,0x000000076bb80000,0x0000000773a80000)
  from space 10752K, 99% used [0x0000000774500000,0x0000000774f7e070,0x0000000774f80000)
  to   space 10752K, 0% used [0x0000000773a80000,0x0000000773a80000,0x0000000774500000)
 ParOldGen       total 173568K, used 6843K [0x00000006c3200000, 0x00000006cdb80000, 0x000000076bb80000)
  object space 173568K, 3% used [0x00000006c3200000,0x00000006c38aeca0,0x00000006cdb80000)
 Metaspace       used 20708K, capacity 21176K, committed 21248K, reserved 1069056K
  class space    used 2441K, capacity 2555K, committed 2560K, reserved 1048576K
}
Event: 2.815 GC heap before
{Heap before GC invocations=5 (full 1):
 PSYoungGen      total 140800K, used 10744K [0x000000076bb80000, 0x0000000774f80000, 0x00000007c0000000)
  eden space 130048K, 0% used [0x000000076bb80000,0x000000076bb80000,0x0000000773a80000)
  from space 10752K, 99% used [0x0000000774500000,0x0000000774f7e070,0x0000000774f80000)
  to   space 10752K, 0% used [0x0000000773a80000,0x0000000773a80000,0x0000000774500000)
 ParOldGen       total 173568K, used 6843K [0x00000006c3200000, 0x00000006cdb80000, 0x000000076bb80000)
  object space 173568K, 3% used [0x00000006c3200000,0x00000006c38aeca0,0x00000006cdb80000)
 Metaspace       used 20708K, capacity 21176K, committed 21248K, reserved 1069056K
  class space    used 2441K, capacity 2555K, committed 2560K, reserved 1048576K
Event: 2.855 GC heap after
Heap after GC invocations=5 (full 1):
 PSYoungGen      total 140800K, used 0K [0x000000076bb80000, 0x0000000774f80000, 0x00000007c0000000)
  eden space 130048K, 0% used [0x000000076bb80000,0x000000076bb80000,0x0000000773a80000)
  from space 10752K, 0% used [0x0000000774500000,0x0000000774500000,0x0000000774f80000)
  to   space 10752K, 0% used [0x0000000773a80000,0x0000000773a80000,0x0000000774500000)
 ParOldGen       total 120320K, used 15568K [0x00000006c3200000, 0x00000006ca780000, 0x000000076bb80000)
  object space 120320K, 12% used [0x00000006c3200000,0x00000006c41340d8,0x00000006ca780000)
 Metaspace       used 20708K, capacity 21176K, committed 21248K, reserved 1069056K
  class space    used 2441K, capacity 2555K, committed 2560K, reserved 1048576K
}
Event: 4.258 GC heap before
{Heap before GC invocations=6 (full 1):
 PSYoungGen      total 140800K, used 130048K [0x000000076bb80000, 0x0000000774f80000, 0x00000007c0000000)
  eden space 130048K, 100% used [0x000000076bb80000,0x0000000773a80000,0x0000000773a80000)
  from space 10752K, 0% used [0x0000000774500000,0x0000000774500000,0x0000000774f80000)
  to   space 10752K, 0% used [0x0000000773a80000,0x0000000773a80000,0x0000000774500000)
 ParOldGen       total 120320K, used 15568K [0x00000006c3200000, 0x00000006ca780000, 0x000000076bb80000)
  object space 120320K, 12% used [0x00000006c3200000,0x00000006c41340d8,0x00000006ca780000)
 Metaspace       used 25333K, capacity 26016K, committed 26240K, reserved 1073152K
  class space    used 2918K, capacity 3127K, committed 3200K, reserved 1048576K
Event: 4.276 GC heap after
Heap after GC invocations=6 (full 1):
 PSYoungGen      total 140800K, used 10745K [0x000000076bb80000, 0x000000077a200000, 0x00000007c0000000)
  eden space 130048K, 0% used [0x000000076bb80000,0x000000076bb80000,0x0000000773a80000)
  from space 10752K, 99% used [0x0000000773a80000,0x00000007744fe6c0,0x0000000774500000)
  to   space 23040K, 0% used [0x0000000778b80000,0x0000000778b80000,0x000000077a200000)
 ParOldGen       total 120320K, used 29140K [0x00000006c3200000, 0x00000006ca780000, 0x000000076bb80000)
  object space 120320K, 24% used [0x00000006c3200000,0x00000006c4e75160,0x00000006ca780000)
 Metaspace       used 25333K, capacity 26016K, committed 26240K, reserved 1073152K
  class space    used 2918K, capacity 3127K, committed 3200K, reserved 1048576K
}

