# JRE version: Java(TM) SE Runtime Environment (8.0_361) (build 1.8.0_361-b09)
# Java VM: Java HotSpot(TM) 64-Bit Server VM (25.361-b09 mixed mode windows-amd64 compressed oops)
Heap:
 PSYoungGen      total 360448K, used 67289K [0x000000076bb80000, 0x0000000785780000, 0x00000007c0000000)
  eden space 324096K, 20% used [0x000000076bb80000,0x000000076fd36690,0x000000077f800000)
  from space 36352K, 0% used [0x0000000781d00000,0x0000000781d00000,0x0000000784080000)
  to   space 37888K, 0% used [0x000000077f800000,0x000000077f800000,0x0000000781d00000)
 ParOldGen       total 193536K, used 42058K [0x00000006c3200000, 0x00000006cef00000, 0x000000076bb80000)
  object space 193536K, 21% used [0x00000006c3200000,0x00000006c5b12a28,0x00000006cef00000)
 Metaspace       used 31043K, capacity 31944K, committed 35416K, reserved 1081344K
  class space    used 3429K, capacity 3658K, committed 4224K, reserved 1048576K
GC Heap History (10 events):
Event: 7.999 GC heap before
{Heap before GC invocations=12 (full 1):
 PSYoungGen      total 217088K, used 202087K [0x000000076bb80000, 0x000000077b380000, 0x00000007c0000000)
  eden space 181760K, 100% used [0x000000076bb80000,0x0000000776d00000,0x0000000776d00000)
  from space 35328K, 57% used [0x0000000778e80000,0x000000077a259c88,0x000000077b100000)
  to   space 34304K, 0% used [0x0000000776d00000,0x0000000776d00000,0x0000000778e80000)
 ParOldGen       total 122368K, used 55961K [0x00000006c3200000, 0x00000006ca980000, 0x000000076bb80000)
  object space 122368K, 45% used [0x00000006c3200000,0x00000006c68a67e0,0x00000006ca980000)
 Metaspace       used 32274K, capacity 33456K, committed 33664K, reserved 1079296K
  class space    used 3645K, capacity 3968K, committed 3968K, reserved 1048576K
Event: 8.011 GC heap after
Heap after GC invocations=12 (full 1):
 PSYoungGen      total 216064K, used 18838K [0x000000076bb80000, 0x000000077eb80000, 0x00000007c0000000)
  eden space 181760K, 0% used [0x000000076bb80000,0x000000076bb80000,0x0000000776d00000)
  from space 34304K, 54% used [0x0000000776d00000,0x0000000777f65bb8,0x0000000778e80000)
  to   space 32768K, 0% used [0x000000077cb80000,0x000000077cb80000,0x000000077eb80000)
 ParOldGen       total 122368K, used 59676K [0x00000006c3200000, 0x00000006ca980000, 0x000000076bb80000)
  object space 122368K, 48% used [0x00000006c3200000,0x00000006c6c47100,0x00000006ca980000)
 Metaspace       used 32274K, capacity 33456K, committed 33664K, reserved 1079296K
  class space    used 3645K, capacity 3968K, committed 3968K, reserved 1048576K
}
Event: 8.707 GC heap before
{Heap before GC invocations=13 (full 1):
 PSYoungGen      total 216064K, used 200598K [0x000000076bb80000, 0x000000077eb80000, 0x00000007c0000000)
  eden space 181760K, 100% used [0x000000076bb80000,0x0000000776d00000,0x0000000776d00000)
  from space 34304K, 54% used [0x0000000776d00000,0x0000000777f65bb8,0x0000000778e80000)
  to   space 32768K, 0% used [0x000000077cb80000,0x000000077cb80000,0x000000077eb80000)
 ParOldGen       total 122368K, used 59676K [0x00000006c3200000, 0x00000006ca980000, 0x000000076bb80000)
  object space 122368K, 48% used [0x00000006c3200000,0x00000006c6c47100,0x00000006ca980000)
 Metaspace       used 32334K, capacity 33520K, committed 33664K, reserved 1079296K
  class space    used 3649K, capacity 3968K, committed 3968K, reserved 1048576K
Event: 8.721 GC heap after
Heap after GC invocations=13 (full 1):
 PSYoungGen      total 275456K, used 16935K [0x000000076bb80000, 0x000000077e900000, 0x00000007c0000000)
  eden space 245248K, 0% used [0x000000076bb80000,0x000000076bb80000,0x000000077ab00000)
  from space 30208K, 56% used [0x000000077cb80000,0x000000077dc09e00,0x000000077e900000)
  to   space 31744K, 0% used [0x000000077ab00000,0x000000077ab00000,0x000000077ca00000)
 ParOldGen       total 122368K, used 70850K [0x00000006c3200000, 0x00000006ca980000, 0x000000076bb80000)
  object space 122368K, 57% used [0x00000006c3200000,0x00000006c7730838,0x00000006ca980000)
 Metaspace       used 32334K, capacity 33520K, committed 33664K, reserved 1079296K
  class space    used 3649K, capacity 3968K, committed 3968K, reserved 1048576K
}
Event: 10.471 GC heap before
{Heap before GC invocations=14 (full 1):
 PSYoungGen      total 275456K, used 262183K [0x000000076bb80000, 0x000000077e900000, 0x00000007c0000000)
  eden space 245248K, 100% used [0x000000076bb80000,0x000000077ab00000,0x000000077ab00000)
  from space 30208K, 56% used [0x000000077cb80000,0x000000077dc09e00,0x000000077e900000)
  to   space 31744K, 0% used [0x000000077ab00000,0x000000077ab00000,0x000000077ca00000)
 ParOldGen       total 122368K, used 70850K [0x00000006c3200000, 0x00000006ca980000, 0x000000076bb80000)
  object space 122368K, 57% used [0x00000006c3200000,0x00000006c7730838,0x00000006ca980000)
 Metaspace       used 33339K, capacity 34494K, committed 34816K, reserved 1079296K
  class space    used 3689K, capacity 4016K, committed 4096K, reserved 1048576K
Event: 10.488 GC heap after
Heap after GC invocations=14 (full 1):
 PSYoungGen      total 276992K, used 31718K [0x000000076bb80000, 0x0000000784080000, 0x00000007c0000000)
  eden space 245248K, 0% used [0x000000076bb80000,0x000000076bb80000,0x000000077ab00000)
  from space 31744K, 99% used [0x000000077ab00000,0x000000077c9f98b8,0x000000077ca00000)
  to   space 36352K, 0% used [0x0000000781d00000,0x0000000781d00000,0x0000000784080000)
 ParOldGen       total 122368K, used 73726K [0x00000006c3200000, 0x00000006ca980000, 0x000000076bb80000)
  object space 122368K, 60% used [0x00000006c3200000,0x00000006c79ff858,0x00000006ca980000)
 Metaspace       used 33339K, capacity 34494K, committed 34816K, reserved 1079296K
  class space    used 3689K, capacity 4016K, committed 4096K, reserved 1048576K
}
Event: 10.650 GC heap before
{Heap before GC invocations=15 (full 1):
 PSYoungGen      total 276992K, used 60407K [0x000000076bb80000, 0x0000000784080000, 0x00000007c0000000)
  eden space 245248K, 11% used [0x000000076bb80000,0x000000076d784670,0x000000077ab00000)
  from space 31744K, 99% used [0x000000077ab00000,0x000000077c9f98b8,0x000000077ca00000)
  to   space 36352K, 0% used [0x0000000781d00000,0x0000000781d00000,0x0000000784080000)
 ParOldGen       total 122368K, used 73726K [0x00000006c3200000, 0x00000006ca980000, 0x000000076bb80000)
  object space 122368K, 60% used [0x00000006c3200000,0x00000006c79ff858,0x00000006ca980000)
 Metaspace       used 34141K, capacity 35264K, committed 35416K, reserved 1081344K
  class space    used 3797K, capacity 4146K, committed 4224K, reserved 1048576K
Event: 10.664 GC heap after
Heap after GC invocations=15 (full 1):
 PSYoungGen      total 360448K, used 1290K [0x000000076bb80000, 0x0000000785780000, 0x00000007c0000000)
  eden space 324096K, 0% used [0x000000076bb80000,0x000000076bb80000,0x000000077f800000)
  from space 36352K, 3% used [0x0000000781d00000,0x0000000781e429e0,0x0000000784080000)
  to   space 37888K, 0% used [0x000000077f800000,0x000000077f800000,0x0000000781d00000)
 ParOldGen       total 122368K, used 100866K [0x00000006c3200000, 0x00000006ca980000, 0x000000076bb80000)
  object space 122368K, 82% used [0x00000006c3200000,0x00000006c9480bc8,0x00000006ca980000)
 Metaspace       used 34141K, capacity 35264K, committed 35416K, reserved 1081344K
  class space    used 3797K, capacity 4146K, committed 4224K, reserved 1048576K
}
Event: 10.664 GC heap before
{Heap before GC invocations=16 (full 2):
 PSYoungGen      total 360448K, used 1290K [0x000000076bb80000, 0x0000000785780000, 0x00000007c0000000)
  eden space 324096K, 0% used [0x000000076bb80000,0x000000076bb80000,0x000000077f800000)
  from space 36352K, 3% used [0x0000000781d00000,0x0000000781e429e0,0x0000000784080000)
  to   space 37888K, 0% used [0x000000077f800000,0x000000077f800000,0x0000000781d00000)
 ParOldGen       total 122368K, used 100866K [0x00000006c3200000, 0x00000006ca980000, 0x000000076bb80000)
  object space 122368K, 82% used [0x00000006c3200000,0x00000006c9480bc8,0x00000006ca980000)
 Metaspace       used 34141K, capacity 35264K, committed 35416K, reserved 1081344K
  class space    used 3797K, capacity 4146K, committed 4224K, reserved 1048576K
Event: 10.724 GC heap after
Heap after GC invocations=16 (full 2):
 PSYoungGen      total 360448K, used 0K [0x000000076bb80000, 0x0000000785780000, 0x00000007c0000000)
  eden space 324096K, 0% used [0x000000076bb80000,0x000000076bb80000,0x000000077f800000)
  from space 36352K, 0% used [0x0000000781d00000,0x0000000781d00000,0x0000000784080000)
  to   space 37888K, 0% used [0x000000077f800000,0x000000077f800000,0x0000000781d00000)
 ParOldGen       total 193536K, used 42058K [0x00000006c3200000, 0x00000006cef00000, 0x000000076bb80000)
  object space 193536K, 21% used [0x00000006c3200000,0x00000006c5b12a28,0x00000006cef00000)
 Metaspace       used 30801K, capacity 31688K, committed 35416K, reserved 1081344K
  class space    used 3411K, capacity 3658K, committed 4224K, reserved 1048576K
}

