# JRE version: Java(TM) SE Runtime Environment (8.0_361) (build 1.8.0_361-b09)
# Java VM: Java HotSpot(TM) 64-Bit Server VM (25.361-b09 mixed mode windows-amd64 compressed oops)
Heap:
 PSYoungGen      total 410112K, used 59890K [0x000000076bb80000, 0x0000000787280000, 0x00000007c0000000)
  eden space 374272K, 8% used [0x000000076bb80000,0x000000076da510d0,0x0000000782900000)
  from space 35840K, 79% used [0x0000000784d80000,0x000000078692b990,0x0000000787080000)
  to   space 37376K, 0% used [0x0000000782900000,0x0000000782900000,0x0000000784d80000)
 ParOldGen       total 205312K, used 92671K [0x00000006c3200000, 0x00000006cfa80000, 0x000000076bb80000)
  object space 205312K, 45% used [0x00000006c3200000,0x00000006c8c7fe78,0x00000006cfa80000)
 Metaspace       used 35387K, capacity 36562K, committed 36824K, reserved 1081344K
  class space    used 3891K, capacity 4319K, committed 4352K, reserved 1048576K
GC Heap History (10 events):
Event: 11.486 GC heap before
{Heap before GC invocations=16 (full 2):
 PSYoungGen      total 344576K, used 24869K [0x000000076bb80000, 0x0000000783480000, 0x00000007c0000000)
  eden space 308224K, 0% used [0x000000076bb80000,0x000000076bb80000,0x000000077e880000)
  from space 36352K, 68% used [0x0000000781100000,0x0000000782949708,0x0000000783480000)
  to   space 38912K, 0% used [0x000000077e880000,0x000000077e880000,0x0000000780e80000)
 ParOldGen       total 123392K, used 82044K [0x00000006c3200000, 0x00000006caa80000, 0x000000076bb80000)
  object space 123392K, 66% used [0x00000006c3200000,0x00000006c821f380,0x00000006caa80000)
 Metaspace       used 34244K, capacity 35260K, committed 35416K, reserved 1081344K
  class space    used 3805K, capacity 4146K, committed 4224K, reserved 1048576K
Event: 11.550 GC heap after
Heap after GC invocations=16 (full 2):
 PSYoungGen      total 344576K, used 0K [0x000000076bb80000, 0x0000000783480000, 0x00000007c0000000)
  eden space 308224K, 0% used [0x000000076bb80000,0x000000076bb80000,0x000000077e880000)
  from space 36352K, 0% used [0x0000000781100000,0x0000000781100000,0x0000000783480000)
  to   space 38912K, 0% used [0x000000077e880000,0x000000077e880000,0x0000000780e80000)
 ParOldGen       total 205312K, used 46519K [0x00000006c3200000, 0x00000006cfa80000, 0x000000076bb80000)
  object space 205312K, 22% used [0x00000006c3200000,0x00000006c5f6df30,0x00000006cfa80000)
 Metaspace       used 30893K, capacity 31748K, committed 35416K, reserved 1081344K
  class space    used 3419K, capacity 3658K, committed 4224K, reserved 1048576K
}
Event: 12.759 GC heap before
{Heap before GC invocations=17 (full 2):
 PSYoungGen      total 344576K, used 308224K [0x000000076bb80000, 0x0000000783480000, 0x00000007c0000000)
  eden space 308224K, 100% used [0x000000076bb80000,0x000000077e880000,0x000000077e880000)
  from space 36352K, 0% used [0x0000000781100000,0x0000000781100000,0x0000000783480000)
  to   space 38912K, 0% used [0x000000077e880000,0x000000077e880000,0x0000000780e80000)
 ParOldGen       total 205312K, used 46519K [0x00000006c3200000, 0x00000006cfa80000, 0x000000076bb80000)
  object space 205312K, 22% used [0x00000006c3200000,0x00000006c5f6df30,0x00000006cfa80000)
 Metaspace       used 31471K, capacity 32368K, committed 35416K, reserved 1081344K
  class space    used 3463K, capacity 3692K, committed 4224K, reserved 1048576K
Event: 14.578 GC heap after
Heap after GC invocations=17 (full 2):
 PSYoungGen      total 347136K, used 9404K [0x000000076bb80000, 0x0000000783480000, 0x00000007c0000000)
  eden space 308224K, 0% used [0x000000076bb80000,0x000000076bb80000,0x000000077e880000)
  from space 38912K, 24% used [0x000000077e880000,0x000000077f1af120,0x0000000780e80000)
  to   space 36352K, 0% used [0x0000000781100000,0x0000000781100000,0x0000000783480000)
 ParOldGen       total 205312K, used 46527K [0x00000006c3200000, 0x00000006cfa80000, 0x000000076bb80000)
  object space 205312K, 22% used [0x00000006c3200000,0x00000006c5f6ff30,0x00000006cfa80000)
 Metaspace       used 31471K, capacity 32368K, committed 35416K, reserved 1081344K
  class space    used 3463K, capacity 3692K, committed 4224K, reserved 1048576K
}
Event: 16.057 GC heap before
{Heap before GC invocations=18 (full 2):
 PSYoungGen      total 347136K, used 317628K [0x000000076bb80000, 0x0000000783480000, 0x00000007c0000000)
  eden space 308224K, 100% used [0x000000076bb80000,0x000000077e880000,0x000000077e880000)
  from space 38912K, 24% used [0x000000077e880000,0x000000077f1af120,0x0000000780e80000)
  to   space 36352K, 0% used [0x0000000781100000,0x0000000781100000,0x0000000783480000)
 ParOldGen       total 205312K, used 46527K [0x00000006c3200000, 0x00000006cfa80000, 0x000000076bb80000)
  object space 205312K, 22% used [0x00000006c3200000,0x00000006c5f6ff30,0x00000006cfa80000)
 Metaspace       used 31735K, capacity 32656K, committed 35416K, reserved 1081344K
  class space    used 3476K, capacity 3724K, committed 4224K, reserved 1048576K
Event: 16.070 GC heap after
Heap after GC invocations=18 (full 2):
 PSYoungGen      total 348672K, used 20653K [0x000000076bb80000, 0x0000000789100000, 0x00000007c0000000)
  eden space 312320K, 0% used [0x000000076bb80000,0x000000076bb80000,0x000000077ec80000)
  from space 36352K, 56% used [0x0000000781100000,0x000000078252b670,0x0000000783480000)
  to   space 37376K, 0% used [0x000000077ec80000,0x000000077ec80000,0x0000000781100000)
 ParOldGen       total 205312K, used 52816K [0x00000006c3200000, 0x00000006cfa80000, 0x000000076bb80000)
  object space 205312K, 25% used [0x00000006c3200000,0x00000006c6594160,0x00000006cfa80000)
 Metaspace       used 31735K, capacity 32656K, committed 35416K, reserved 1081344K
  class space    used 3476K, capacity 3724K, committed 4224K, reserved 1048576K
}
Event: 17.863 GC heap before
{Heap before GC invocations=19 (full 2):
 PSYoungGen      total 348672K, used 332973K [0x000000076bb80000, 0x0000000789100000, 0x00000007c0000000)
  eden space 312320K, 100% used [0x000000076bb80000,0x000000077ec80000,0x000000077ec80000)
  from space 36352K, 56% used [0x0000000781100000,0x000000078252b670,0x0000000783480000)
  to   space 37376K, 0% used [0x000000077ec80000,0x000000077ec80000,0x0000000781100000)
 ParOldGen       total 205312K, used 52816K [0x00000006c3200000, 0x00000006cfa80000, 0x000000076bb80000)
  object space 205312K, 25% used [0x00000006c3200000,0x00000006c6594160,0x00000006cfa80000)
 Metaspace       used 33415K, capacity 34494K, committed 35416K, reserved 1081344K
  class space    used 3666K, capacity 3971K, committed 4224K, reserved 1048576K
Event: 17.881 GC heap after
Heap after GC invocations=19 (full 2):
 PSYoungGen      total 349696K, used 18751K [0x000000076bb80000, 0x0000000787080000, 0x00000007c0000000)
  eden space 312320K, 0% used [0x000000076bb80000,0x000000076bb80000,0x000000077ec80000)
  from space 37376K, 50% used [0x000000077ec80000,0x000000077fecfd40,0x0000000781100000)
  to   space 35840K, 0% used [0x0000000784d80000,0x0000000784d80000,0x0000000787080000)
 ParOldGen       total 205312K, used 68931K [0x00000006c3200000, 0x00000006cfa80000, 0x000000076bb80000)
  object space 205312K, 33% used [0x00000006c3200000,0x00000006c7550c28,0x00000006cfa80000)
 Metaspace       used 33415K, capacity 34494K, committed 35416K, reserved 1081344K
  class space    used 3666K, capacity 3971K, committed 4224K, reserved 1048576K
}
Event: 20.150 GC heap before
{Heap before GC invocations=20 (full 2):
 PSYoungGen      total 349696K, used 331071K [0x000000076bb80000, 0x0000000787080000, 0x00000007c0000000)
  eden space 312320K, 100% used [0x000000076bb80000,0x000000077ec80000,0x000000077ec80000)
  from space 37376K, 50% used [0x000000077ec80000,0x000000077fecfd40,0x0000000781100000)
  to   space 35840K, 0% used [0x0000000784d80000,0x0000000784d80000,0x0000000787080000)
 ParOldGen       total 205312K, used 76299K [0x00000006c3200000, 0x00000006cfa80000, 0x000000076bb80000)
  object space 205312K, 37% used [0x00000006c3200000,0x00000006c7c82c38,0x00000006cfa80000)
 Metaspace       used 35269K, capacity 36372K, committed 36568K, reserved 1081344K
  class space    used 3880K, capacity 4278K, committed 4352K, reserved 1048576K
Event: 20.174 GC heap after
Heap after GC invocations=20 (full 2):
 PSYoungGen      total 410112K, used 28334K [0x000000076bb80000, 0x0000000787280000, 0x00000007c0000000)
  eden space 374272K, 0% used [0x000000076bb80000,0x000000076bb80000,0x0000000782900000)
  from space 35840K, 79% used [0x0000000784d80000,0x000000078692b990,0x0000000787080000)
  to   space 37376K, 0% used [0x0000000782900000,0x0000000782900000,0x0000000784d80000)
 ParOldGen       total 205312K, used 92671K [0x00000006c3200000, 0x00000006cfa80000, 0x000000076bb80000)
  object space 205312K, 45% used [0x00000006c3200000,0x00000006c8c7fe78,0x00000006cfa80000)
 Metaspace       used 35269K, capacity 36372K, committed 36568K, reserved 1081344K
  class space    used 3880K, capacity 4278K, committed 4352K, reserved 1048576K
}

