# JRE version: Java(TM) SE Runtime Environment (8.0_361) (build 1.8.0_361-b09)
# Java VM: Java HotSpot(TM) 64-Bit Server VM (25.361-b09 mixed mode windows-amd64 compressed oops)
Heap:
 PSYoungGen      total 217088K, used 128366K [0x000000076bb80000, 0x0000000782280000, 0x00000007c0000000)
  eden space 190976K, 53% used [0x000000076bb80000,0x0000000771f5f340,0x0000000777600000)
  from space 26112K, 99% used [0x0000000777600000,0x0000000778f7c5f0,0x0000000778f80000)
  to   space 38912K, 0% used [0x000000077fc80000,0x000000077fc80000,0x0000000782280000)
 ParOldGen       total 117248K, used 46571K [0x00000006c3200000, 0x00000006ca480000, 0x000000076bb80000)
  object space 117248K, 39% used [0x00000006c3200000,0x00000006c5f7afb8,0x00000006ca480000)
 Metaspace       used 31867K, capacity 32926K, committed 33152K, reserved 1079296K
  class space    used 3602K, capacity 3891K, committed 3968K, reserved 1048576K
GC Heap History (10 events):
Event: 3.286 GC heap before
{Heap before GC invocations=4 (full 0):
 PSYoungGen      total 75776K, used 67791K [0x000000076bb80000, 0x0000000774f80000, 0x00000007c0000000)
  eden space 65024K, 87% used [0x000000076bb80000,0x000000076f339d70,0x000000076fb00000)
  from space 10752K, 99% used [0x000000076fb00000,0x000000077057a040,0x0000000770580000)
  to   space 10752K, 0% used [0x0000000774500000,0x0000000774500000,0x0000000774f80000)
 ParOldGen       total 173568K, used 3105K [0x00000006c3200000, 0x00000006cdb80000, 0x000000076bb80000)
  object space 173568K, 1% used [0x00000006c3200000,0x00000006c35087d8,0x00000006cdb80000)
 Metaspace       used 20729K, capacity 21172K, committed 21248K, reserved 1069056K
  class space    used 2441K, capacity 2555K, committed 2560K, reserved 1048576K
Event: 3.297 GC heap after
Heap after GC invocations=4 (full 0):
 PSYoungGen      total 140800K, used 10728K [0x000000076bb80000, 0x0000000774f80000, 0x00000007c0000000)
  eden space 130048K, 0% used [0x000000076bb80000,0x000000076bb80000,0x0000000773a80000)
  from space 10752K, 99% used [0x0000000774500000,0x0000000774f7a080,0x0000000774f80000)
  to   space 10752K, 0% used [0x0000000773a80000,0x0000000773a80000,0x0000000774500000)
 ParOldGen       total 173568K, used 6810K [0x00000006c3200000, 0x00000006cdb80000, 0x000000076bb80000)
  object space 173568K, 3% used [0x00000006c3200000,0x00000006c38a6b38,0x00000006cdb80000)
 Metaspace       used 20729K, capacity 21172K, committed 21248K, reserved 1069056K
  class space    used 2441K, capacity 2555K, committed 2560K, reserved 1048576K
}
Event: 3.297 GC heap before
{Heap before GC invocations=5 (full 1):
 PSYoungGen      total 140800K, used 10728K [0x000000076bb80000, 0x0000000774f80000, 0x00000007c0000000)
  eden space 130048K, 0% used [0x000000076bb80000,0x000000076bb80000,0x0000000773a80000)
  from space 10752K, 99% used [0x0000000774500000,0x0000000774f7a080,0x0000000774f80000)
  to   space 10752K, 0% used [0x0000000773a80000,0x0000000773a80000,0x0000000774500000)
 ParOldGen       total 173568K, used 6810K [0x00000006c3200000, 0x00000006cdb80000, 0x000000076bb80000)
  object space 173568K, 3% used [0x00000006c3200000,0x00000006c38a6b38,0x00000006cdb80000)
 Metaspace       used 20729K, capacity 21172K, committed 21248K, reserved 1069056K
  class space    used 2441K, capacity 2555K, committed 2560K, reserved 1048576K
Event: 3.343 GC heap after
Heap after GC invocations=5 (full 1):
 PSYoungGen      total 140800K, used 0K [0x000000076bb80000, 0x0000000774f80000, 0x00000007c0000000)
  eden space 130048K, 0% used [0x000000076bb80000,0x000000076bb80000,0x0000000773a80000)
  from space 10752K, 0% used [0x0000000774500000,0x0000000774500000,0x0000000774f80000)
  to   space 10752K, 0% used [0x0000000773a80000,0x0000000773a80000,0x0000000774500000)
 ParOldGen       total 117248K, used 15582K [0x00000006c3200000, 0x00000006ca480000, 0x000000076bb80000)
  object space 117248K, 13% used [0x00000006c3200000,0x00000006c4137888,0x00000006ca480000)
 Metaspace       used 20729K, capacity 21172K, committed 21248K, reserved 1069056K
  class space    used 2441K, capacity 2555K, committed 2560K, reserved 1048576K
}
Event: 5.054 GC heap before
{Heap before GC invocations=6 (full 1):
 PSYoungGen      total 140800K, used 130048K [0x000000076bb80000, 0x0000000774f80000, 0x00000007c0000000)
  eden space 130048K, 100% used [0x000000076bb80000,0x0000000773a80000,0x0000000773a80000)
  from space 10752K, 0% used [0x0000000774500000,0x0000000774500000,0x0000000774f80000)
  to   space 10752K, 0% used [0x0000000773a80000,0x0000000773a80000,0x0000000774500000)
 ParOldGen       total 117248K, used 15582K [0x00000006c3200000, 0x00000006ca480000, 0x000000076bb80000)
  object space 117248K, 13% used [0x00000006c3200000,0x00000006c4137888,0x00000006ca480000)
 Metaspace       used 25370K, capacity 26076K, committed 26496K, reserved 1073152K
  class space    used 2919K, capacity 3127K, committed 3200K, reserved 1048576K
Event: 5.073 GC heap after
Heap after GC invocations=6 (full 1):
 PSYoungGen      total 140800K, used 10731K [0x000000076bb80000, 0x000000077a600000, 0x00000007c0000000)
  eden space 130048K, 0% used [0x000000076bb80000,0x000000076bb80000,0x0000000773a80000)
  from space 10752K, 99% used [0x0000000773a80000,0x00000007744fac08,0x0000000774500000)
  to   space 23040K, 0% used [0x0000000778f80000,0x0000000778f80000,0x000000077a600000)
 ParOldGen       total 117248K, used 29124K [0x00000006c3200000, 0x00000006ca480000, 0x000000076bb80000)
  object space 117248K, 24% used [0x00000006c3200000,0x00000006c4e71308,0x00000006ca480000)
 Metaspace       used 25370K, capacity 26076K, committed 26496K, reserved 1073152K
  class space    used 2919K, capacity 3127K, committed 3200K, reserved 1048576K
}
Event: 6.003 GC heap before
{Heap before GC invocations=7 (full 1):
 PSYoungGen      total 140800K, used 140779K [0x000000076bb80000, 0x000000077a600000, 0x00000007c0000000)
  eden space 130048K, 100% used [0x000000076bb80000,0x0000000773a80000,0x0000000773a80000)
  from space 10752K, 99% used [0x0000000773a80000,0x00000007744fac08,0x0000000774500000)
  to   space 23040K, 0% used [0x0000000778f80000,0x0000000778f80000,0x000000077a600000)
 ParOldGen       total 117248K, used 29124K [0x00000006c3200000, 0x00000006ca480000, 0x000000076bb80000)
  object space 117248K, 24% used [0x00000006c3200000,0x00000006c4e71308,0x00000006ca480000)
 Metaspace       used 26277K, capacity 27080K, committed 27392K, reserved 1073152K
  class space    used 2991K, capacity 3209K, committed 3328K, reserved 1048576K
Event: 6.016 GC heap after
Heap after GC invocations=7 (full 1):
 PSYoungGen      total 214016K, used 22588K [0x000000076bb80000, 0x000000077ac80000, 0x00000007c0000000)
  eden space 190976K, 0% used [0x000000076bb80000,0x000000076bb80000,0x0000000777600000)
  from space 23040K, 98% used [0x0000000778f80000,0x000000077a58f188,0x000000077a600000)
  to   space 26112K, 0% used [0x0000000777600000,0x0000000777600000,0x0000000778f80000)
 ParOldGen       total 117248K, used 29132K [0x00000006c3200000, 0x00000006ca480000, 0x000000076bb80000)
  object space 117248K, 24% used [0x00000006c3200000,0x00000006c4e73308,0x00000006ca480000)
 Metaspace       used 26277K, capacity 27080K, committed 27392K, reserved 1073152K
  class space    used 2991K, capacity 3209K, committed 3328K, reserved 1048576K
}
Event: 8.026 GC heap before
{Heap before GC invocations=8 (full 1):
 PSYoungGen      total 214016K, used 213564K [0x000000076bb80000, 0x000000077ac80000, 0x00000007c0000000)
  eden space 190976K, 100% used [0x000000076bb80000,0x0000000777600000,0x0000000777600000)
  from space 23040K, 98% used [0x0000000778f80000,0x000000077a58f188,0x000000077a600000)
  to   space 26112K, 0% used [0x0000000777600000,0x0000000777600000,0x0000000778f80000)
 ParOldGen       total 117248K, used 29132K [0x00000006c3200000, 0x00000006ca480000, 0x000000076bb80000)
  object space 117248K, 24% used [0x00000006c3200000,0x00000006c4e73308,0x00000006ca480000)
 Metaspace       used 30621K, capacity 31560K, committed 31616K, reserved 1077248K
  class space    used 3456K, capacity 3712K, committed 3712K, reserved 1048576K
Event: 8.064 GC heap after
Heap after GC invocations=8 (full 1):
 PSYoungGen      total 217088K, used 26097K [0x000000076bb80000, 0x0000000782280000, 0x00000007c0000000)
  eden space 190976K, 0% used [0x000000076bb80000,0x000000076bb80000,0x0000000777600000)
  from space 26112K, 99% used [0x0000000777600000,0x0000000778f7c5f0,0x0000000778f80000)
  to   space 38912K, 0% used [0x000000077fc80000,0x000000077fc80000,0x0000000782280000)
 ParOldGen       total 117248K, used 46571K [0x00000006c3200000, 0x00000006ca480000, 0x000000076bb80000)
  object space 117248K, 39% used [0x00000006c3200000,0x00000006c5f7afb8,0x00000006ca480000)
 Metaspace       used 30621K, capacity 31560K, committed 31616K, reserved 1077248K
  class space    used 3456K, capacity 3712K, committed 3712K, reserved 1048576K
}

