# JRE version: Java(TM) SE Runtime Environment (8.0_361) (build 1.8.0_361-b09)
# Java VM: Java HotSpot(TM) 64-Bit Server VM (25.361-b09 mixed mode windows-amd64 compressed oops)
Heap:
 PSYoungGen      total 130560K, used 37253K [0x000000076bb80000, 0x0000000778b80000, 0x00000007c0000000)
  eden space 119808K, 22% used [0x000000076bb80000,0x000000076d563b18,0x0000000773080000)
  from space 10752K, 99% used [0x0000000773080000,0x0000000773afd8f8,0x0000000773b00000)
  to   space 22016K, 0% used [0x0000000777600000,0x0000000777600000,0x0000000778b80000)
 ParOldGen       total 120320K, used 28571K [0x00000006c3200000, 0x00000006ca780000, 0x000000076bb80000)
  object space 120320K, 23% used [0x00000006c3200000,0x00000006c4de6e28,0x00000006ca780000)
 Metaspace       used 25378K, capacity 26178K, committed 26368K, reserved 1073152K
  class space    used 2938K, capacity 3213K, committed 3328K, reserved 1048576K
GC Heap History (10 events):
Event: 2.962 GC heap before
{Heap before GC invocations=2 (full 0):
 PSYoungGen      total 75776K, used 75759K [0x000000076bb80000, 0x0000000774f80000, 0x00000007c0000000)
  eden space 65024K, 100% used [0x000000076bb80000,0x000000076fb00000,0x000000076fb00000)
  from space 10752K, 99% used [0x000000076fb00000,0x000000077057bf50,0x0000000770580000)
  to   space 10752K, 0% used [0x0000000774500000,0x0000000774500000,0x0000000774f80000)
 ParOldGen       total 173568K, used 413K [0x00000006c3200000, 0x00000006cdb80000, 0x000000076bb80000)
  object space 173568K, 0% used [0x00000006c3200000,0x00000006c32674e0,0x00000006cdb80000)
 Metaspace       used 15961K, capacity 16338K, committed 16640K, reserved 1064960K
  class space    used 1914K, capacity 2017K, committed 2048K, reserved 1048576K
Event: 2.978 GC heap after
Heap after GC invocations=2 (full 0):
 PSYoungGen      total 75776K, used 10724K [0x000000076bb80000, 0x0000000774f80000, 0x00000007c0000000)
  eden space 65024K, 0% used [0x000000076bb80000,0x000000076bb80000,0x000000076fb00000)
  from space 10752K, 99% used [0x0000000774500000,0x0000000774f791c8,0x0000000774f80000)
  to   space 10752K, 0% used [0x000000076fb00000,0x000000076fb00000,0x0000000770580000)
 ParOldGen       total 173568K, used 2129K [0x00000006c3200000, 0x00000006cdb80000, 0x000000076bb80000)
  object space 173568K, 1% used [0x00000006c3200000,0x00000006c3414558,0x00000006cdb80000)
 Metaspace       used 15961K, capacity 16338K, committed 16640K, reserved 1064960K
  class space    used 1914K, capacity 2017K, committed 2048K, reserved 1048576K
}
Event: 3.895 GC heap before
{Heap before GC invocations=3 (full 0):
 PSYoungGen      total 75776K, used 75748K [0x000000076bb80000, 0x0000000774f80000, 0x00000007c0000000)
  eden space 65024K, 100% used [0x000000076bb80000,0x000000076fb00000,0x000000076fb00000)
  from space 10752K, 99% used [0x0000000774500000,0x0000000774f791c8,0x0000000774f80000)
  to   space 10752K, 0% used [0x000000076fb00000,0x000000076fb00000,0x0000000770580000)
 ParOldGen       total 173568K, used 2129K [0x00000006c3200000, 0x00000006cdb80000, 0x000000076bb80000)
  object space 173568K, 1% used [0x00000006c3200000,0x00000006c3414558,0x00000006cdb80000)
 Metaspace       used 17131K, capacity 17606K, committed 17792K, reserved 1064960K
  class space    used 1994K, capacity 2131K, committed 2176K, reserved 1048576K
Event: 3.907 GC heap after
Heap after GC invocations=3 (full 0):
 PSYoungGen      total 75776K, used 10728K [0x000000076bb80000, 0x0000000774580000, 0x00000007c0000000)
  eden space 65024K, 0% used [0x000000076bb80000,0x000000076bb80000,0x000000076fb00000)
  from space 10752K, 99% used [0x000000076fb00000,0x000000077057a040,0x0000000770580000)
  to   space 10752K, 0% used [0x0000000773b00000,0x0000000773b00000,0x0000000774580000)
 ParOldGen       total 173568K, used 4882K [0x00000006c3200000, 0x00000006cdb80000, 0x000000076bb80000)
  object space 173568K, 2% used [0x00000006c3200000,0x00000006c36c4bd0,0x00000006cdb80000)
 Metaspace       used 17131K, capacity 17606K, committed 17792K, reserved 1064960K
  class space    used 1994K, capacity 2131K, committed 2176K, reserved 1048576K
}
Event: 4.569 GC heap before
{Heap before GC invocations=4 (full 0):
 PSYoungGen      total 75776K, used 35733K [0x000000076bb80000, 0x0000000774580000, 0x00000007c0000000)
  eden space 65024K, 38% used [0x000000076bb80000,0x000000076d3eb620,0x000000076fb00000)
  from space 10752K, 99% used [0x000000076fb00000,0x000000077057a040,0x0000000770580000)
  to   space 10752K, 0% used [0x0000000773b00000,0x0000000773b00000,0x0000000774580000)
 ParOldGen       total 173568K, used 4882K [0x00000006c3200000, 0x00000006cdb80000, 0x000000076bb80000)
  object space 173568K, 2% used [0x00000006c3200000,0x00000006c36c4bd0,0x00000006cdb80000)
 Metaspace       used 20545K, capacity 21094K, committed 21296K, reserved 1069056K
  class space    used 2455K, capacity 2595K, committed 2688K, reserved 1048576K
Event: 4.585 GC heap after
Heap after GC invocations=4 (full 0):
 PSYoungGen      total 130560K, used 10728K [0x000000076bb80000, 0x0000000774f80000, 0x00000007c0000000)
  eden space 119808K, 0% used [0x000000076bb80000,0x000000076bb80000,0x0000000773080000)
  from space 10752K, 99% used [0x0000000773b00000,0x000000077457a060,0x0000000774580000)
  to   space 10752K, 0% used [0x0000000773080000,0x0000000773080000,0x0000000773b00000)
 ParOldGen       total 173568K, used 6854K [0x00000006c3200000, 0x00000006cdb80000, 0x000000076bb80000)
  object space 173568K, 3% used [0x00000006c3200000,0x00000006c38b1a08,0x00000006cdb80000)
 Metaspace       used 20545K, capacity 21094K, committed 21296K, reserved 1069056K
  class space    used 2455K, capacity 2595K, committed 2688K, reserved 1048576K
}
Event: 4.585 GC heap before
{Heap before GC invocations=5 (full 1):
 PSYoungGen      total 130560K, used 10728K [0x000000076bb80000, 0x0000000774f80000, 0x00000007c0000000)
  eden space 119808K, 0% used [0x000000076bb80000,0x000000076bb80000,0x0000000773080000)
  from space 10752K, 99% used [0x0000000773b00000,0x000000077457a060,0x0000000774580000)
  to   space 10752K, 0% used [0x0000000773080000,0x0000000773080000,0x0000000773b00000)
 ParOldGen       total 173568K, used 6854K [0x00000006c3200000, 0x00000006cdb80000, 0x000000076bb80000)
  object space 173568K, 3% used [0x00000006c3200000,0x00000006c38b1a08,0x00000006cdb80000)
 Metaspace       used 20545K, capacity 21094K, committed 21296K, reserved 1069056K
  class space    used 2455K, capacity 2595K, committed 2688K, reserved 1048576K
Event: 4.666 GC heap after
Heap after GC invocations=5 (full 1):
 PSYoungGen      total 130560K, used 0K [0x000000076bb80000, 0x0000000774f80000, 0x00000007c0000000)
  eden space 119808K, 0% used [0x000000076bb80000,0x000000076bb80000,0x0000000773080000)
  from space 10752K, 0% used [0x0000000773b00000,0x0000000773b00000,0x0000000774580000)
  to   space 10752K, 0% used [0x0000000773080000,0x0000000773080000,0x0000000773b00000)
 ParOldGen       total 120320K, used 14671K [0x00000006c3200000, 0x00000006ca780000, 0x000000076bb80000)
  object space 120320K, 12% used [0x00000006c3200000,0x00000006c4053ca0,0x00000006ca780000)
 Metaspace       used 20545K, capacity 21094K, committed 21296K, reserved 1069056K
  class space    used 2455K, capacity 2595K, committed 2688K, reserved 1048576K
}
Event: 7.868 GC heap before
{Heap before GC invocations=6 (full 1):
 PSYoungGen      total 130560K, used 119808K [0x000000076bb80000, 0x0000000774f80000, 0x00000007c0000000)
  eden space 119808K, 100% used [0x000000076bb80000,0x0000000773080000,0x0000000773080000)
  from space 10752K, 0% used [0x0000000773b00000,0x0000000773b00000,0x0000000774580000)
  to   space 10752K, 0% used [0x0000000773080000,0x0000000773080000,0x0000000773b00000)
 ParOldGen       total 120320K, used 14671K [0x00000006c3200000, 0x00000006ca780000, 0x000000076bb80000)
  object space 120320K, 12% used [0x00000006c3200000,0x00000006c4053ca0,0x00000006ca780000)
 Metaspace       used 24901K, capacity 25646K, committed 25984K, reserved 1073152K
  class space    used 2888K, capacity 3135K, committed 3200K, reserved 1048576K
Event: 7.897 GC heap after
Heap after GC invocations=6 (full 1):
 PSYoungGen      total 130560K, used 10742K [0x000000076bb80000, 0x0000000778b80000, 0x00000007c0000000)
  eden space 119808K, 0% used [0x000000076bb80000,0x000000076bb80000,0x0000000773080000)
  from space 10752K, 99% used [0x0000000773080000,0x0000000773afd8f8,0x0000000773b00000)
  to   space 22016K, 0% used [0x0000000777600000,0x0000000777600000,0x0000000778b80000)
 ParOldGen       total 120320K, used 28571K [0x00000006c3200000, 0x00000006ca780000, 0x000000076bb80000)
  object space 120320K, 23% used [0x00000006c3200000,0x00000006c4de6e28,0x00000006ca780000)
 Metaspace       used 24901K, capacity 25646K, committed 25984K, reserved 1073152K
  class space    used 2888K, capacity 3135K, committed 3200K, reserved 1048576K
}

