# JRE version: Java(TM) SE Runtime Environment (8.0_361) (build 1.8.0_361-b09)
# Java VM: Java HotSpot(TM) 64-Bit Server VM (25.361-b09 mixed mode windows-amd64 compressed oops)
Heap:
 PSYoungGen      total 516608K, used 77923K [0x000000076bb80000, 0x0000000795300000, 0x00000007c0000000)
  eden space 481280K, 13% used [0x000000076bb80000,0x000000076fd1cc28,0x0000000789180000)
  from space 35328K, 30% used [0x0000000789180000,0x0000000789bfc148,0x000000078b400000)
  to   space 34304K, 0% used [0x0000000793180000,0x0000000793180000,0x0000000795300000)
 ParOldGen       total 187392K, used 62860K [0x00000006c3200000, 0x00000006ce900000, 0x000000076bb80000)
  object space 187392K, 33% used [0x00000006c3200000,0x00000006c6f63180,0x00000006ce900000)
 Metaspace       used 35220K, capacity 36264K, committed 36568K, reserved 1081344K
  class space    used 3871K, capacity 4244K, committed 4352K, reserved 1048576K
GC Heap History (10 events):
Event: 25.726 GC heap before
{Heap before GC invocations=15 (full 1):
 PSYoungGen      total 283648K, used 31182K [0x000000076bb80000, 0x0000000784300000, 0x00000007c0000000)
  eden space 251392K, 6% used [0x000000076bb80000,0x000000076ca42c28,0x000000077b100000)
  from space 32256K, 49% used [0x000000077b100000,0x000000077c0b0fd0,0x000000077d080000)
  to   space 31744K, 0% used [0x0000000782400000,0x0000000782400000,0x0000000784300000)
 ParOldGen       total 122880K, used 90118K [0x00000006c3200000, 0x00000006caa00000, 0x000000076bb80000)
  object space 122880K, 73% used [0x00000006c3200000,0x00000006c8a01b90,0x00000006caa00000)
 Metaspace       used 34114K, capacity 35260K, committed 35416K, reserved 1081344K
  class space    used 3790K, capacity 4146K, committed 4224K, reserved 1048576K
Event: 25.735 GC heap after
Heap after GC invocations=15 (full 1):
 PSYoungGen      total 367616K, used 898K [0x000000076bb80000, 0x0000000785e80000, 0x00000007c0000000)
  eden space 335872K, 0% used [0x000000076bb80000,0x000000076bb80000,0x0000000780380000)
  from space 31744K, 2% used [0x0000000782400000,0x00000007824e0b90,0x0000000784300000)
  to   space 33280K, 0% used [0x0000000780380000,0x0000000780380000,0x0000000782400000)
 ParOldGen       total 122880K, used 101224K [0x00000006c3200000, 0x00000006caa00000, 0x000000076bb80000)
  object space 122880K, 82% used [0x00000006c3200000,0x00000006c94da150,0x00000006caa00000)
 Metaspace       used 34114K, capacity 35260K, committed 35416K, reserved 1081344K
  class space    used 3790K, capacity 4146K, committed 4224K, reserved 1048576K
}
Event: 25.735 GC heap before
{Heap before GC invocations=16 (full 2):
 PSYoungGen      total 367616K, used 898K [0x000000076bb80000, 0x0000000785e80000, 0x00000007c0000000)
  eden space 335872K, 0% used [0x000000076bb80000,0x000000076bb80000,0x0000000780380000)
  from space 31744K, 2% used [0x0000000782400000,0x00000007824e0b90,0x0000000784300000)
  to   space 33280K, 0% used [0x0000000780380000,0x0000000780380000,0x0000000782400000)
 ParOldGen       total 122880K, used 101224K [0x00000006c3200000, 0x00000006caa00000, 0x000000076bb80000)
  object space 122880K, 82% used [0x00000006c3200000,0x00000006c94da150,0x00000006caa00000)
 Metaspace       used 34114K, capacity 35260K, committed 35416K, reserved 1081344K
  class space    used 3790K, capacity 4146K, committed 4224K, reserved 1048576K
Event: 25.829 GC heap after
Heap after GC invocations=16 (full 2):
 PSYoungGen      total 367616K, used 0K [0x000000076bb80000, 0x0000000785e80000, 0x00000007c0000000)
  eden space 335872K, 0% used [0x000000076bb80000,0x000000076bb80000,0x0000000780380000)
  from space 31744K, 0% used [0x0000000782400000,0x0000000782400000,0x0000000784300000)
  to   space 33280K, 0% used [0x0000000780380000,0x0000000780380000,0x0000000782400000)
 ParOldGen       total 187392K, used 41964K [0x00000006c3200000, 0x00000006ce900000, 0x000000076bb80000)
  object space 187392K, 22% used [0x00000006c3200000,0x00000006c5afb200,0x00000006ce900000)
 Metaspace       used 30771K, capacity 31684K, committed 35416K, reserved 1081344K
  class space    used 3405K, capacity 3658K, committed 4224K, reserved 1048576K
}
Event: 27.470 GC heap before
{Heap before GC invocations=17 (full 2):
 PSYoungGen      total 367616K, used 335872K [0x000000076bb80000, 0x0000000785e80000, 0x00000007c0000000)
  eden space 335872K, 100% used [0x000000076bb80000,0x0000000780380000,0x0000000780380000)
  from space 31744K, 0% used [0x0000000782400000,0x0000000782400000,0x0000000784300000)
  to   space 33280K, 0% used [0x0000000780380000,0x0000000780380000,0x0000000782400000)
 ParOldGen       total 187392K, used 41964K [0x00000006c3200000, 0x00000006ce900000, 0x000000076bb80000)
  object space 187392K, 22% used [0x00000006c3200000,0x00000006c5afb200,0x00000006ce900000)
 Metaspace       used 31512K, capacity 32432K, committed 35416K, reserved 1081344K
  class space    used 3463K, capacity 3692K, committed 4224K, reserved 1048576K
Event: 27.491 GC heap after
Heap after GC invocations=17 (full 2):
 PSYoungGen      total 369152K, used 7498K [0x000000076bb80000, 0x000000078d900000, 0x00000007c0000000)
  eden space 335872K, 0% used [0x000000076bb80000,0x000000076bb80000,0x0000000780380000)
  from space 33280K, 22% used [0x0000000780380000,0x0000000780ad2b78,0x0000000782400000)
  to   space 33280K, 0% used [0x000000078b880000,0x000000078b880000,0x000000078d900000)
 ParOldGen       total 187392K, used 41972K [0x00000006c3200000, 0x00000006ce900000, 0x000000076bb80000)
  object space 187392K, 22% used [0x00000006c3200000,0x00000006c5afd200,0x00000006ce900000)
 Metaspace       used 31512K, capacity 32432K, committed 35416K, reserved 1081344K
  class space    used 3463K, capacity 3692K, committed 4224K, reserved 1048576K
}
Event: 30.633 GC heap before
{Heap before GC invocations=18 (full 2):
 PSYoungGen      total 369152K, used 343370K [0x000000076bb80000, 0x000000078d900000, 0x00000007c0000000)
  eden space 335872K, 100% used [0x000000076bb80000,0x0000000780380000,0x0000000780380000)
  from space 33280K, 22% used [0x0000000780380000,0x0000000780ad2b78,0x0000000782400000)
  to   space 33280K, 0% used [0x000000078b880000,0x000000078b880000,0x000000078d900000)
 ParOldGen       total 187392K, used 41972K [0x00000006c3200000, 0x00000006ce900000, 0x000000076bb80000)
  object space 187392K, 22% used [0x00000006c3200000,0x00000006c5afd200,0x00000006ce900000)
 Metaspace       used 32070K, capacity 33088K, committed 35416K, reserved 1081344K
  class space    used 3503K, capacity 3806K, committed 4224K, reserved 1048576K
Event: 30.659 GC heap after
Heap after GC invocations=18 (full 2):
 PSYoungGen      total 512000K, used 25910K [0x000000076bb80000, 0x000000078d680000, 0x00000007c0000000)
  eden space 481280K, 0% used [0x000000076bb80000,0x000000076bb80000,0x0000000789180000)
  from space 30720K, 84% used [0x000000078b880000,0x000000078d1cda68,0x000000078d680000)
  to   space 35328K, 0% used [0x0000000789180000,0x0000000789180000,0x000000078b400000)
 ParOldGen       total 187392K, used 48695K [0x00000006c3200000, 0x00000006ce900000, 0x000000076bb80000)
  object space 187392K, 25% used [0x00000006c3200000,0x00000006c618df18,0x00000006ce900000)
 Metaspace       used 32070K, capacity 33088K, committed 35416K, reserved 1081344K
  class space    used 3503K, capacity 3806K, committed 4224K, reserved 1048576K
}
Event: 35.925 GC heap before
{Heap before GC invocations=19 (full 2):
 PSYoungGen      total 512000K, used 507190K [0x000000076bb80000, 0x000000078d680000, 0x00000007c0000000)
  eden space 481280K, 100% used [0x000000076bb80000,0x0000000789180000,0x0000000789180000)
  from space 30720K, 84% used [0x000000078b880000,0x000000078d1cda68,0x000000078d680000)
  to   space 35328K, 0% used [0x0000000789180000,0x0000000789180000,0x000000078b400000)
 ParOldGen       total 187392K, used 48695K [0x00000006c3200000, 0x00000006ce900000, 0x000000076bb80000)
  object space 187392K, 25% used [0x00000006c3200000,0x00000006c618df18,0x00000006ce900000)
 Metaspace       used 33916K, capacity 35014K, committed 35416K, reserved 1081344K
  class space    used 3711K, capacity 4082K, committed 4224K, reserved 1048576K
Event: 35.945 GC heap after
Heap after GC invocations=19 (full 2):
 PSYoungGen      total 516608K, used 10736K [0x000000076bb80000, 0x0000000795300000, 0x00000007c0000000)
  eden space 481280K, 0% used [0x000000076bb80000,0x000000076bb80000,0x0000000789180000)
  from space 35328K, 30% used [0x0000000789180000,0x0000000789bfc148,0x000000078b400000)
  to   space 34304K, 0% used [0x0000000793180000,0x0000000793180000,0x0000000795300000)
 ParOldGen       total 187392K, used 62860K [0x00000006c3200000, 0x00000006ce900000, 0x000000076bb80000)
  object space 187392K, 33% used [0x00000006c3200000,0x00000006c6f63180,0x00000006ce900000)
 Metaspace       used 33916K, capacity 35014K, committed 35416K, reserved 1081344K
  class space    used 3711K, capacity 4082K, committed 4224K, reserved 1048576K
}

