# JRE version: OpenJDK Runtime Environment Temurin-21.0.9+10 (21.0.9+10) (build 21.0.9+10-LTS)
# Java VM: OpenJDK 64-Bit Server VM Temurin-21.0.9+10 (21.0.9+10-LTS, mixed mode, sharing, tiered, compressed oops, compressed class ptrs, parallel gc, windows-amd64)
GC Precious Log:
 CardTable entry size: 512
 CPUs: 8 total, 8 available
 Memory: 16183M
 Large Page Support: Disabled
 NUMA Support: Disabled
 Compressed Oops: Enabled (32-bit)
 Alignments: Space 512K, Generation 512K, Heap 2M
 Heap Min Capacity: 100M
 Heap Initial Capacity: 100M
 Heap Max Capacity: 2G
 Pre-touch: Disabled
 Parallel Workers: 8
Heap:
 PSYoungGen      total 5120K, used 4367K [0x00000000d5580000, 0x00000000d5f00000, 0x0000000100000000)
  eden space 4096K, 88% used [0x00000000d5580000,0x00000000d590be60,0x00000000d5980000)
  from space 1024K, 71% used [0x00000000d5e00000,0x00000000d5eb8000,0x00000000d5f00000)
  to   space 1536K, 0% used [0x00000000d5c00000,0x00000000d5c00000,0x00000000d5d80000)
 ParOldGen       total 150528K, used 150448K [0x0000000080000000, 0x0000000089300000, 0x00000000d5580000)
  object space 150528K, 99% used [0x0000000080000000,0x00000000892ec2a8,0x0000000089300000)
 Metaspace       used 66935K, committed 68416K, reserved 1114112K
  class space    used 6836K, committed 7488K, reserved 1048576K
GC Heap History (20 events):
Event: 15.194 GC heap before
{Heap before GC invocations=81 (full 3):
 PSYoungGen      total 16896K, used 16824K [0x00000000d5580000, 0x00000000d6d00000, 0x0000000100000000)
  eden space 11776K, 100% used [0x00000000d5580000,0x00000000d6100000,0x00000000d6100000)
  from space 5120K, 98% used [0x00000000d6380000,0x00000000d686e3d8,0x00000000d6880000)
  to   space 4608K, 0% used [0x00000000d6880000,0x00000000d6880000,0x00000000d6d00000)
 ParOldGen       total 116736K, used 116572K [0x0000000080000000, 0x0000000087200000, 0x00000000d5580000)
  object space 116736K, 99% used [0x0000000080000000,0x00000000871d7310,0x0000000087200000)
 Metaspace       used 65679K, committed 67136K, reserved 1114112K
  class space    used 6727K, committed 7360K, reserved 1048576K
}
Event: 15.202 GC heap after
{Heap after GC invocations=81 (full 3):
 PSYoungGen      total 16384K, used 4416K [0x00000000d5580000, 0x00000000d6d00000, 0x0000000100000000)
  eden space 11776K, 0% used [0x00000000d5580000,0x00000000d5580000,0x00000000d6100000)
  from space 4608K, 95% used [0x00000000d6880000,0x00000000d6cd0010,0x00000000d6d00000)
  to   space 5120K, 0% used [0x00000000d6300000,0x00000000d6300000,0x00000000d6800000)
 ParOldGen       total 121344K, used 121048K [0x0000000080000000, 0x0000000087680000, 0x00000000d5580000)
  object space 121344K, 99% used [0x0000000080000000,0x00000000876363b0,0x0000000087680000)
 Metaspace       used 65679K, committed 67136K, reserved 1114112K
  class space    used 6727K, committed 7360K, reserved 1048576K
}
Event: 15.305 GC heap before
{Heap before GC invocations=82 (full 3):
 PSYoungGen      total 16384K, used 16192K [0x00000000d5580000, 0x00000000d6d00000, 0x0000000100000000)
  eden space 11776K, 100% used [0x00000000d5580000,0x00000000d6100000,0x00000000d6100000)
  from space 4608K, 95% used [0x00000000d6880000,0x00000000d6cd0010,0x00000000d6d00000)
  to   space 5120K, 0% used [0x00000000d6300000,0x00000000d6300000,0x00000000d6800000)
 ParOldGen       total 121344K, used 121048K [0x0000000080000000, 0x0000000087680000, 0x00000000d5580000)
  object space 121344K, 99% used [0x0000000080000000,0x00000000876363b0,0x0000000087680000)
 Metaspace       used 65806K, committed 67264K, reserved 1114112K
  class space    used 6727K, committed 7360K, reserved 1048576K
}
Event: 15.311 GC heap after
{Heap after GC invocations=82 (full 3):
 PSYoungGen      total 16384K, used 4442K [0x00000000d5580000, 0x00000000d6a00000, 0x0000000100000000)
  eden space 11776K, 0% used [0x00000000d5580000,0x00000000d5580000,0x00000000d6100000)
  from space 4608K, 96% used [0x00000000d6300000,0x00000000d6756ad0,0x00000000d6780000)
  to   space 2560K, 0% used [0x00000000d6780000,0x00000000d6780000,0x00000000d6a00000)
 ParOldGen       total 125440K, used 125361K [0x0000000080000000, 0x0000000087a80000, 0x00000000d5580000)
  object space 125440K, 99% used [0x0000000080000000,0x0000000087a6c430,0x0000000087a80000)
 Metaspace       used 65806K, committed 67264K, reserved 1114112K
  class space    used 6727K, committed 7360K, reserved 1048576K
}
Event: 15.365 GC heap before
{Heap before GC invocations=83 (full 3):
 PSYoungGen      total 16384K, used 16205K [0x00000000d5580000, 0x00000000d6a00000, 0x0000000100000000)
  eden space 11776K, 99% used [0x00000000d5580000,0x00000000d60fcb10,0x00000000d6100000)
  from space 4608K, 96% used [0x00000000d6300000,0x00000000d6756ad0,0x00000000d6780000)
  to   space 2560K, 0% used [0x00000000d6780000,0x00000000d6780000,0x00000000d6a00000)
 ParOldGen       total 125440K, used 125361K [0x0000000080000000, 0x0000000087a80000, 0x00000000d5580000)
  object space 125440K, 99% used [0x0000000080000000,0x0000000087a6c430,0x0000000087a80000)
 Metaspace       used 65972K, committed 67392K, reserved 1114112K
  class space    used 6744K, committed 7360K, reserved 1048576K
}
Event: 15.375 GC heap after
{Heap after GC invocations=83 (full 3):
 PSYoungGen      total 6656K, used 2560K [0x00000000d5580000, 0x00000000d7d00000, 0x0000000100000000)
  eden space 4096K, 0% used [0x00000000d5580000,0x00000000d5580000,0x00000000d5980000)
  from space 2560K, 100% used [0x00000000d6780000,0x00000000d6a00000,0x00000000d6a00000)
  to   space 14336K, 0% used [0x00000000d5980000,0x00000000d5980000,0x00000000d6780000)
 ParOldGen       total 135680K, used 135659K [0x0000000080000000, 0x0000000088480000, 0x00000000d5580000)
  object space 135680K, 99% used [0x0000000080000000,0x000000008847adb8,0x0000000088480000)
 Metaspace       used 65972K, committed 67392K, reserved 1114112K
  class space    used 6744K, committed 7360K, reserved 1048576K
}
Event: 15.435 GC heap before
{Heap before GC invocations=84 (full 3):
 PSYoungGen      total 6656K, used 6656K [0x00000000d5580000, 0x00000000d7d00000, 0x0000000100000000)
  eden space 4096K, 100% used [0x00000000d5580000,0x00000000d5980000,0x00000000d5980000)
  from space 2560K, 100% used [0x00000000d6780000,0x00000000d6a00000,0x00000000d6a00000)
  to   space 14336K, 0% used [0x00000000d5980000,0x00000000d5980000,0x00000000d6780000)
 ParOldGen       total 135680K, used 135659K [0x0000000080000000, 0x0000000088480000, 0x00000000d5580000)
  object space 135680K, 99% used [0x0000000080000000,0x000000008847adb8,0x0000000088480000)
 Metaspace       used 66293K, committed 67776K, reserved 1114112K
  class space    used 6777K, committed 7424K, reserved 1048576K
}
Event: 15.439 GC heap after
{Heap after GC invocations=84 (full 3):
 PSYoungGen      total 5632K, used 1206K [0x00000000d5580000, 0x00000000d6800000, 0x0000000100000000)
  eden space 4096K, 0% used [0x00000000d5580000,0x00000000d5580000,0x00000000d5980000)
  from space 1536K, 78% used [0x00000000d5980000,0x00000000d5aad888,0x00000000d5b00000)
  to   space 5632K, 0% used [0x00000000d6280000,0x00000000d6280000,0x00000000d6800000)
 ParOldGen       total 138752K, used 138243K [0x0000000080000000, 0x0000000088780000, 0x00000000d5580000)
  object space 138752K, 99% used [0x0000000080000000,0x0000000088700dd8,0x0000000088780000)
 Metaspace       used 66293K, committed 67776K, reserved 1114112K
  class space    used 6777K, committed 7424K, reserved 1048576K
}
Event: 15.450 GC heap before
{Heap before GC invocations=85 (full 3):
 PSYoungGen      total 5632K, used 3834K [0x00000000d5580000, 0x00000000d6800000, 0x0000000100000000)
  eden space 4096K, 64% used [0x00000000d5580000,0x00000000d5811058,0x00000000d5980000)
  from space 1536K, 78% used [0x00000000d5980000,0x00000000d5aad888,0x00000000d5b00000)
  to   space 5632K, 0% used [0x00000000d6280000,0x00000000d6280000,0x00000000d6800000)
 ParOldGen       total 138752K, used 138243K [0x0000000080000000, 0x0000000088780000, 0x00000000d5580000)
  object space 138752K, 99% used [0x0000000080000000,0x0000000088700dd8,0x0000000088780000)
 Metaspace       used 66337K, committed 67840K, reserved 1114112K
  class space    used 6784K, committed 7424K, reserved 1048576K
}
Event: 15.453 GC heap after
{Heap after GC invocations=85 (full 3):
 PSYoungGen      total 5120K, used 999K [0x00000000d5580000, 0x00000000d6380000, 0x0000000100000000)
  eden space 4096K, 0% used [0x00000000d5580000,0x00000000d5580000,0x00000000d5980000)
  from space 1024K, 97% used [0x00000000d6280000,0x00000000d6379db0,0x00000000d6380000)
  to   space 2048K, 0% used [0x00000000d5f80000,0x00000000d5f80000,0x00000000d6180000)
 ParOldGen       total 139264K, used 139256K [0x0000000080000000, 0x0000000088800000, 0x00000000d5580000)
  object space 139264K, 99% used [0x0000000080000000,0x00000000887fe1c8,0x0000000088800000)
 Metaspace       used 66337K, committed 67840K, reserved 1114112K
  class space    used 6784K, committed 7424K, reserved 1048576K
}
Event: 15.459 GC heap before
{Heap before GC invocations=86 (full 3):
 PSYoungGen      total 5120K, used 5095K [0x00000000d5580000, 0x00000000d6380000, 0x0000000100000000)
  eden space 4096K, 100% used [0x00000000d5580000,0x00000000d5980000,0x00000000d5980000)
  from space 1024K, 97% used [0x00000000d6280000,0x00000000d6379db0,0x00000000d6380000)
  to   space 2048K, 0% used [0x00000000d5f80000,0x00000000d5f80000,0x00000000d6180000)
 ParOldGen       total 139264K, used 139256K [0x0000000080000000, 0x0000000088800000, 0x00000000d5580000)
  object space 139264K, 99% used [0x0000000080000000,0x00000000887fe1c8,0x0000000088800000)
 Metaspace       used 66416K, committed 67904K, reserved 1114112K
  class space    used 6794K, committed 7424K, reserved 1048576K
}
Event: 15.461 GC heap after
{Heap after GC invocations=86 (full 3):
 PSYoungGen      total 6144K, used 1121K [0x00000000d5580000, 0x00000000d6300000, 0x0000000100000000)
  eden space 4096K, 0% used [0x00000000d5580000,0x00000000d5580000,0x00000000d5980000)
  from space 2048K, 54% used [0x00000000d5f80000,0x00000000d60987c8,0x00000000d6180000)
  to   space 1536K, 0% used [0x00000000d6180000,0x00000000d6180000,0x00000000d6300000)
 ParOldGen       total 142336K, used 142010K [0x0000000080000000, 0x0000000088b00000, 0x00000000d5580000)
  object space 142336K, 99% used [0x0000000080000000,0x0000000088aaea78,0x0000000088b00000)
 Metaspace       used 66416K, committed 67904K, reserved 1114112K
  class space    used 6794K, committed 7424K, reserved 1048576K
}
Event: 15.492 GC heap before
{Heap before GC invocations=87 (full 3):
 PSYoungGen      total 6144K, used 5217K [0x00000000d5580000, 0x00000000d6300000, 0x0000000100000000)
  eden space 4096K, 100% used [0x00000000d5580000,0x00000000d5980000,0x00000000d5980000)
  from space 2048K, 54% used [0x00000000d5f80000,0x00000000d60987c8,0x00000000d6180000)
  to   space 1536K, 0% used [0x00000000d6180000,0x00000000d6180000,0x00000000d6300000)
 ParOldGen       total 142336K, used 142010K [0x0000000080000000, 0x0000000088b00000, 0x00000000d5580000)
  object space 142336K, 99% used [0x0000000080000000,0x0000000088aaea78,0x0000000088b00000)
 Metaspace       used 66598K, committed 68032K, reserved 1114112K
  class space    used 6810K, committed 7424K, reserved 1048576K
}
Event: 15.494 GC heap after
{Heap after GC invocations=87 (full 3):
 PSYoungGen      total 5632K, used 1530K [0x00000000d5580000, 0x00000000d6300000, 0x0000000100000000)
  eden space 4096K, 0% used [0x00000000d5580000,0x00000000d5580000,0x00000000d5980000)
  from space 1536K, 99% used [0x00000000d6180000,0x00000000d62fe8f8,0x00000000d6300000)
  to   space 3072K, 0% used [0x00000000d5d00000,0x00000000d5d00000,0x00000000d6000000)
 ParOldGen       total 143360K, used 143224K [0x0000000080000000, 0x0000000088c00000, 0x00000000d5580000)
  object space 143360K, 99% used [0x0000000080000000,0x0000000088bde078,0x0000000088c00000)
 Metaspace       used 66598K, committed 68032K, reserved 1114112K
  class space    used 6810K, committed 7424K, reserved 1048576K
}
Event: 15.519 GC heap before
{Heap before GC invocations=88 (full 3):
 PSYoungGen      total 5632K, used 5427K [0x00000000d5580000, 0x00000000d6300000, 0x0000000100000000)
  eden space 4096K, 95% used [0x00000000d5580000,0x00000000d594e398,0x00000000d5980000)
  from space 1536K, 99% used [0x00000000d6180000,0x00000000d62fe8f8,0x00000000d6300000)
  to   space 3072K, 0% used [0x00000000d5d00000,0x00000000d5d00000,0x00000000d6000000)
 ParOldGen       total 143360K, used 143224K [0x0000000080000000, 0x0000000088c00000, 0x00000000d5580000)
  object space 143360K, 99% used [0x0000000080000000,0x0000000088bde078,0x0000000088c00000)
 Metaspace       used 66644K, committed 68096K, reserved 1114112K
  class space    used 6815K, committed 7424K, reserved 1048576K
}
Event: 15.522 GC heap after
{Heap after GC invocations=88 (full 3):
 PSYoungGen      total 7168K, used 2577K [0x00000000d5580000, 0x00000000d6200000, 0x0000000100000000)
  eden space 4096K, 0% used [0x00000000d5580000,0x00000000d5580000,0x00000000d5980000)
  from space 3072K, 83% used [0x00000000d5d00000,0x00000000d5f84758,0x00000000d6000000)
  to   space 2048K, 0% used [0x00000000d6000000,0x00000000d6000000,0x00000000d6200000)
 ParOldGen       total 144896K, used 144660K [0x0000000080000000, 0x0000000088d80000, 0x00000000d5580000)
  object space 144896K, 99% used [0x0000000080000000,0x0000000088d453a0,0x0000000088d80000)
 Metaspace       used 66644K, committed 68096K, reserved 1114112K
  class space    used 6815K, committed 7424K, reserved 1048576K
}
Event: 15.540 GC heap before
{Heap before GC invocations=89 (full 3):
 PSYoungGen      total 7168K, used 6673K [0x00000000d5580000, 0x00000000d6200000, 0x0000000100000000)
  eden space 4096K, 100% used [0x00000000d5580000,0x00000000d5980000,0x00000000d5980000)
  from space 3072K, 83% used [0x00000000d5d00000,0x00000000d5f84758,0x00000000d6000000)
  to   space 2048K, 0% used [0x00000000d6000000,0x00000000d6000000,0x00000000d6200000)
 ParOldGen       total 144896K, used 144660K [0x0000000080000000, 0x0000000088d80000, 0x00000000d5580000)
  object space 144896K, 99% used [0x0000000080000000,0x0000000088d453a0,0x0000000088d80000)
 Metaspace       used 66676K, committed 68096K, reserved 1114112K
  class space    used 6816K, committed 7424K, reserved 1048576K
}
Event: 15.543 GC heap after
{Heap after GC invocations=89 (full 3):
 PSYoungGen      total 6144K, used 2034K [0x00000000d5580000, 0x00000000d6480000, 0x0000000100000000)
  eden space 4096K, 0% used [0x00000000d5580000,0x00000000d5580000,0x00000000d5980000)
  from space 2048K, 99% used [0x00000000d6000000,0x00000000d61fc858,0x00000000d6200000)
  to   space 5632K, 0% used [0x00000000d5980000,0x00000000d5980000,0x00000000d5f00000)
 ParOldGen       total 147968K, used 147698K [0x0000000080000000, 0x0000000089080000, 0x00000000d5580000)
  object space 147968K, 99% used [0x0000000080000000,0x000000008903ca48,0x0000000089080000)
 Metaspace       used 66676K, committed 68096K, reserved 1114112K
  class space    used 6816K, committed 7424K, reserved 1048576K
}
Event: 15.562 GC heap before
{Heap before GC invocations=90 (full 3):
 PSYoungGen      total 6144K, used 6130K [0x00000000d5580000, 0x00000000d6480000, 0x0000000100000000)
  eden space 4096K, 100% used [0x00000000d5580000,0x00000000d5980000,0x00000000d5980000)
  from space 2048K, 99% used [0x00000000d6000000,0x00000000d61fc858,0x00000000d6200000)
  to   space 5632K, 0% used [0x00000000d5980000,0x00000000d5980000,0x00000000d5f00000)
 ParOldGen       total 147968K, used 147698K [0x0000000080000000, 0x0000000089080000, 0x00000000d5580000)
  object space 147968K, 99% used [0x0000000080000000,0x000000008903ca48,0x0000000089080000)
 Metaspace       used 66693K, committed 68096K, reserved 1114112K
  class space    used 6816K, committed 7424K, reserved 1048576K
}
Event: 15.564 GC heap after
{Heap after GC invocations=90 (full 3):
 PSYoungGen      total 5120K, used 951K [0x00000000d5580000, 0x00000000d6080000, 0x0000000100000000)
  eden space 4096K, 0% used [0x00000000d5580000,0x00000000d5580000,0x00000000d5980000)
  from space 1024K, 92% used [0x00000000d5980000,0x00000000d5a6dc18,0x00000000d5a80000)
  to   space 2560K, 0% used [0x00000000d5e00000,0x00000000d5e00000,0x00000000d6080000)
 ParOldGen       total 150016K, used 149729K [0x0000000080000000, 0x0000000089280000, 0x00000000d5580000)
  object space 150016K, 99% used [0x0000000080000000,0x0000000089238690,0x0000000089280000)
 Metaspace       used 66693K, committed 68096K, reserved 1114112K
  class space    used 6816K, committed 7424K, reserved 1048576K
}

