# JRE version: Java(TM) SE Runtime Environment (8.0_361) (build 1.8.0_361-b09)
# Java VM: Java HotSpot(TM) 64-Bit Server VM (25.361-b09 mixed mode windows-amd64 compressed oops)
Heap:
 PSYoungGen      total 346624K, used 299463K [0x000000076bb80000, 0x0000000783480000, 0x00000007c0000000)
  eden space 307200K, 90% used [0x000000076bb80000,0x000000077cb05af8,0x000000077e780000)
  from space 39424K, 54% used [0x000000077e780000,0x000000077fc6c298,0x0000000780e00000)
  to   space 37376K, 0% used [0x0000000781000000,0x0000000781000000,0x0000000783480000)
 ParOldGen       total 206336K, used 65846K [0x00000006c3200000, 0x00000006cfb80000, 0x000000076bb80000)
  object space 206336K, 31% used [0x00000006c3200000,0x00000006c724d940,0x00000006cfb80000)
 Metaspace       used 35171K, capacity 36328K, committed 36568K, reserved 1081344K
  class space    used 3869K, capacity 4244K, committed 4352K, reserved 1048576K
GC Heap History (10 events):
Event: 12.252 GC heap before
{Heap before GC invocations=15 (full 1):
 PSYoungGen      total 264704K, used 136423K [0x000000076bb80000, 0x0000000783700000, 0x00000007c0000000)
  eden space 230400K, 44% used [0x000000076bb80000,0x0000000771f3a630,0x0000000779c80000)
  from space 34304K, 99% used [0x0000000779c80000,0x000000077bdff718,0x000000077be00000)
  to   space 39936K, 0% used [0x0000000781000000,0x0000000781000000,0x0000000783700000)
 ParOldGen       total 124928K, used 71844K [0x00000006c3200000, 0x00000006cac00000, 0x000000076bb80000)
  object space 124928K, 57% used [0x00000006c3200000,0x00000006c7829080,0x00000006cac00000)
 Metaspace       used 34135K, capacity 35260K, committed 35416K, reserved 1081344K
  class space    used 3797K, capacity 4146K, committed 4224K, reserved 1048576K
Event: 12.270 GC heap after
Heap after GC invocations=15 (full 1):
 PSYoungGen      total 344576K, used 24661K [0x000000076bb80000, 0x0000000783480000, 0x00000007c0000000)
  eden space 307200K, 0% used [0x000000076bb80000,0x000000076bb80000,0x000000077e780000)
  from space 37376K, 65% used [0x0000000781000000,0x0000000782815610,0x0000000783480000)
  to   space 39424K, 0% used [0x000000077e780000,0x000000077e780000,0x0000000780e00000)
 ParOldGen       total 124928K, used 81274K [0x00000006c3200000, 0x00000006cac00000, 0x000000076bb80000)
  object space 124928K, 65% used [0x00000006c3200000,0x00000006c815e8a8,0x00000006cac00000)
 Metaspace       used 34135K, capacity 35260K, committed 35416K, reserved 1081344K
  class space    used 3797K, capacity 4146K, committed 4224K, reserved 1048576K
}
Event: 12.270 GC heap before
{Heap before GC invocations=16 (full 2):
 PSYoungGen      total 344576K, used 24661K [0x000000076bb80000, 0x0000000783480000, 0x00000007c0000000)
  eden space 307200K, 0% used [0x000000076bb80000,0x000000076bb80000,0x000000077e780000)
  from space 37376K, 65% used [0x0000000781000000,0x0000000782815610,0x0000000783480000)
  to   space 39424K, 0% used [0x000000077e780000,0x000000077e780000,0x0000000780e00000)
 ParOldGen       total 124928K, used 81274K [0x00000006c3200000, 0x00000006cac00000, 0x000000076bb80000)
  object space 124928K, 65% used [0x00000006c3200000,0x00000006c815e8a8,0x00000006cac00000)
 Metaspace       used 34135K, capacity 35260K, committed 35416K, reserved 1081344K
  class space    used 3797K, capacity 4146K, committed 4224K, reserved 1048576K
Event: 12.335 GC heap after
Heap after GC invocations=16 (full 2):
 PSYoungGen      total 344576K, used 0K [0x000000076bb80000, 0x0000000783480000, 0x00000007c0000000)
  eden space 307200K, 0% used [0x000000076bb80000,0x000000076bb80000,0x000000077e780000)
  from space 37376K, 0% used [0x0000000781000000,0x0000000781000000,0x0000000783480000)
  to   space 39424K, 0% used [0x000000077e780000,0x000000077e780000,0x0000000780e00000)
 ParOldGen       total 206336K, used 46284K [0x00000006c3200000, 0x00000006cfb80000, 0x000000076bb80000)
  object space 206336K, 22% used [0x00000006c3200000,0x00000006c5f333d8,0x00000006cfb80000)
 Metaspace       used 30780K, capacity 31684K, committed 35416K, reserved 1081344K
  class space    used 3410K, capacity 3658K, committed 4224K, reserved 1048576K
}
Event: 13.265 GC heap before
{Heap before GC invocations=17 (full 2):
 PSYoungGen      total 344576K, used 307200K [0x000000076bb80000, 0x0000000783480000, 0x00000007c0000000)
  eden space 307200K, 100% used [0x000000076bb80000,0x000000077e780000,0x000000077e780000)
  from space 37376K, 0% used [0x0000000781000000,0x0000000781000000,0x0000000783480000)
  to   space 39424K, 0% used [0x000000077e780000,0x000000077e780000,0x0000000780e00000)
 ParOldGen       total 206336K, used 46284K [0x00000006c3200000, 0x00000006cfb80000, 0x000000076bb80000)
  object space 206336K, 22% used [0x00000006c3200000,0x00000006c5f333d8,0x00000006cfb80000)
 Metaspace       used 31440K, capacity 32368K, committed 35416K, reserved 1081344K
  class space    used 3461K, capacity 3692K, committed 4224K, reserved 1048576K
Event: 13.273 GC heap after
Heap after GC invocations=17 (full 2):
 PSYoungGen      total 346624K, used 5972K [0x000000076bb80000, 0x0000000783480000, 0x00000007c0000000)
  eden space 307200K, 0% used [0x000000076bb80000,0x000000076bb80000,0x000000077e780000)
  from space 39424K, 15% used [0x000000077e780000,0x000000077ed55018,0x0000000780e00000)
  to   space 37376K, 0% used [0x0000000781000000,0x0000000781000000,0x0000000783480000)
 ParOldGen       total 206336K, used 46292K [0x00000006c3200000, 0x00000006cfb80000, 0x000000076bb80000)
  object space 206336K, 22% used [0x00000006c3200000,0x00000006c5f353d8,0x00000006cfb80000)
 Metaspace       used 31440K, capacity 32368K, committed 35416K, reserved 1081344K
  class space    used 3461K, capacity 3692K, committed 4224K, reserved 1048576K
}
Event: 15.110 GC heap before
{Heap before GC invocations=18 (full 2):
 PSYoungGen      total 346624K, used 313023K [0x000000076bb80000, 0x0000000783480000, 0x00000007c0000000)
  eden space 307200K, 99% used [0x000000076bb80000,0x000000077e75acd8,0x000000077e780000)
  from space 39424K, 15% used [0x000000077e780000,0x000000077ed55018,0x0000000780e00000)
  to   space 37376K, 0% used [0x0000000781000000,0x0000000781000000,0x0000000783480000)
 ParOldGen       total 206336K, used 46292K [0x00000006c3200000, 0x00000006cfb80000, 0x000000076bb80000)
  object space 206336K, 22% used [0x00000006c3200000,0x00000006c5f353d8,0x00000006cfb80000)
 Metaspace       used 31753K, capacity 32720K, committed 35416K, reserved 1081344K
  class space    used 3474K, capacity 3724K, committed 4224K, reserved 1048576K
Event: 15.123 GC heap after
Heap after GC invocations=18 (full 2):
 PSYoungGen      total 344576K, used 19908K [0x000000076bb80000, 0x0000000783480000, 0x00000007c0000000)
  eden space 307200K, 0% used [0x000000076bb80000,0x000000076bb80000,0x000000077e780000)
  from space 37376K, 53% used [0x0000000781000000,0x0000000782371138,0x0000000783480000)
  to   space 39424K, 0% used [0x000000077e780000,0x000000077e780000,0x0000000780e00000)
 ParOldGen       total 206336K, used 50172K [0x00000006c3200000, 0x00000006cfb80000, 0x000000076bb80000)
  object space 206336K, 24% used [0x00000006c3200000,0x00000006c62ff3e8,0x00000006cfb80000)
 Metaspace       used 31753K, capacity 32720K, committed 35416K, reserved 1081344K
  class space    used 3474K, capacity 3724K, committed 4224K, reserved 1048576K
}
Event: 17.182 GC heap before
{Heap before GC invocations=19 (full 2):
 PSYoungGen      total 344576K, used 327108K [0x000000076bb80000, 0x0000000783480000, 0x00000007c0000000)
  eden space 307200K, 100% used [0x000000076bb80000,0x000000077e780000,0x000000077e780000)
  from space 37376K, 53% used [0x0000000781000000,0x0000000782371138,0x0000000783480000)
  to   space 39424K, 0% used [0x000000077e780000,0x000000077e780000,0x0000000780e00000)
 ParOldGen       total 206336K, used 50172K [0x00000006c3200000, 0x00000006cfb80000, 0x000000076bb80000)
  object space 206336K, 24% used [0x00000006c3200000,0x00000006c62ff3e8,0x00000006cfb80000)
 Metaspace       used 33433K, capacity 34488K, committed 35416K, reserved 1081344K
  class space    used 3664K, capacity 3970K, committed 4224K, reserved 1048576K
Event: 17.200 GC heap after
Heap after GC invocations=19 (full 2):
 PSYoungGen      total 346624K, used 21424K [0x000000076bb80000, 0x0000000783480000, 0x00000007c0000000)
  eden space 307200K, 0% used [0x000000076bb80000,0x000000076bb80000,0x000000077e780000)
  from space 39424K, 54% used [0x000000077e780000,0x000000077fc6c298,0x0000000780e00000)
  to   space 37376K, 0% used [0x0000000781000000,0x0000000781000000,0x0000000783480000)
 ParOldGen       total 206336K, used 65846K [0x00000006c3200000, 0x00000006cfb80000, 0x000000076bb80000)
  object space 206336K, 31% used [0x00000006c3200000,0x00000006c724d940,0x00000006cfb80000)
 Metaspace       used 33433K, capacity 34488K, committed 35416K, reserved 1081344K
  class space    used 3664K, capacity 3970K, committed 4224K, reserved 1048576K
}

